#
# There is insufficient memory for the Java Runtime Environment to continue.
# Native memory allocation (malloc) failed to allocate 213385216 bytes for committing reserved memory.
# Possible reasons:
#   The system is out of physical RAM or swap space
#   In 32 bit mode, the process size limit was hit
# Possible solutions:
#   Reduce memory load on the system
#   Increase physical memory or swap space
#   Check if swap backing store is full
#   Use 64 bit Java on a 64 bit OS
#   Decrease Java heap size (-Xmx/-Xms)
#   Decrease number of Java threads
#   Decrease Java thread stack sizes (-Xss)
#   Set larger code cache with -XX:ReservedCodeCacheSize=
# This output file may be truncated or incomplete.
#
#  Out of Memory Error (os_linux.cpp:2756), pid=8025, tid=140091111954176
#
# JRE version: Java(TM) SE Runtime Environment (7.0_80-b15) (build 1.7.0_80-b15)
# Java VM: Java HotSpot(TM) 64-Bit Server VM (24.80-b11 mixed mode linux-amd64 compressed oops)
# Failed to write core dump. Core dumps have been disabled. To enable core dumping, try "ulimit -c unlimited" before starting Java again
#

---------------  T H R E A D  ---------------

Current thread (0x00007f6988072000):  VMThread [stack: 0x00007f6980e6d000,0x00007f6980f6e000] [id=8035]

Stack: [0x00007f6980e6d000,0x00007f6980f6e000],  sp=0x00007f6980f6c250,  free space=1020k
Native frames: (J=compiled Java code, j=interpreted, Vv=VM code, C=native code)
V  [libjvm.so+0x9a320a]  VMError::report_and_die()+0x2ea
V  [libjvm.so+0x498d3b]  report_vm_out_of_memory(char const*, int, unsigned long, char const*)+0x9b
V  [libjvm.so+0x82191e]  os::Linux::commit_memory_impl(char*, unsigned long, bool)+0xfe
V  [libjvm.so+0x821e69]  os::pd_commit_memory(char*, unsigned long, unsigned long, bool)+0x29
V  [libjvm.so+0x81bb6a]  os::commit_memory(char*, unsigned long, unsigned long, bool)+0x2a
V  [libjvm.so+0x88d623]  PSVirtualSpace::expand_by(unsigned long)+0x53
V  [libjvm.so+0x88e9f8]  PSYoungGen::resize_generation(unsigned long, unsigned long)+0xf8
V  [libjvm.so+0x88db62]  PSYoungGen::resize(unsigned long, unsigned long)+0x22
V  [libjvm.so+0x88af1d]  PSScavenge::invoke_no_policy()+0xf3d
V  [libjvm.so+0x88b761]  PSScavenge::invoke()+0x41
V  [libjvm.so+0x843f40]  ParallelScavengeHeap::failed_mem_allocate(unsigned long)+0x70
V  [libjvm.so+0x9a4a97]  VM_ParallelGCFailedAllocation::doit()+0x97
V  [libjvm.so+0x9abf35]  VM_Operation::evaluate()+0x55
V  [libjvm.so+0x9aa2fa]  VMThread::evaluate_operation(VM_Operation*)+0xba
V  [libjvm.so+0x9aa67e]  VMThread::loop()+0x1ce
V  [libjvm.so+0x9aaaf0]  VMThread::run()+0x70
V  [libjvm.so+0x8238c8]  java_start(Thread*)+0x108

VM_Operation (0x00007f698dfec790): ParallelGCFailedAllocation, mode: safepoint, requested by thread 0x00007f6988009800


---------------  P R O C E S S  ---------------

Java Threads: ( => current thread )
  0x00007f69880a2000 JavaThread "Service Thread" daemon [_thread_blocked, id=8041, stack(0x00007f6980184000,0x00007f6980285000)]
  0x00007f69880a0000 JavaThread "C2 CompilerThread1" daemon [_thread_blocked, id=8040, stack(0x00007f6980285000,0x00007f6980386000)]
  0x00007f698809d000 JavaThread "C2 CompilerThread0" daemon [_thread_blocked, id=8039, stack(0x00007f6980386000,0x00007f6980487000)]
  0x00007f698809a800 JavaThread "Signal Dispatcher" daemon [_thread_blocked, id=8038, stack(0x00007f6980487000,0x00007f6980588000)]
  0x00007f6988078800 JavaThread "Finalizer" daemon [_thread_blocked, id=8037, stack(0x00007f6980c6b000,0x00007f6980d6c000)]
  0x00007f6988076800 JavaThread "Reference Handler" daemon [_thread_blocked, id=8036, stack(0x00007f6980d6c000,0x00007f6980e6d000)]
  0x00007f6988009800 JavaThread "main" [_thread_blocked, id=8026, stack(0x00007f698deed000,0x00007f698dfee000)]

Other Threads:
=>0x00007f6988072000 VMThread [stack: 0x00007f6980e6d000,0x00007f6980f6e000] [id=8035]
  0x00007f69880ad000 WatcherThread [stack: 0x00007f6980083000,0x00007f6980184000] [id=8042]

VM state:at safepoint (normal execution)

VM Mutex/Monitor currently owned by a thread:  ([mutex/lock_event])
[0x00007f6988005fa0] Threads_lock - owner thread: 0x00007f6988072000
[0x00007f69880064a0] Heap_lock - owner thread: 0x00007f6988009800

Heap
 PSYoungGen      total 98816K, used 5120K [0x00000007d6800000, 0x00000007df000000, 0x0000000800000000)
  eden space 93696K, 0% used [0x00000007d6800000,0x00000007d6800000,0x00000007dc380000)
  from space 5120K, 100% used [0x00000007de600000,0x00000007deb00000,0x00000007deb00000)
  to   space 5120K, 0% used [0x00000007deb00000,0x00000007deb00000,0x00000007df000000)
 ParOldGen       total 325120K, used 260049K [0x0000000783800000, 0x0000000797580000, 0x00000007d6800000)
  object space 325120K, 79% used [0x0000000783800000,0x00000007935f4668,0x0000000797580000)
 PSPermGen       total 21504K, used 2447K [0x000000077e600000, 0x000000077fb00000, 0x0000000783800000)
  object space 21504K, 11% used [0x000000077e600000,0x000000077e863f40,0x000000077fb00000)

Card table byte_map: [0x00007f6983d4a000,0x00007f6984158000] byte_map_base: 0x00007f6980157000

Polling page: 0x00007f698e008000

Code Cache  [0x00007f6984158000, 0x00007f69843c8000, 0x00007f6987158000)
 total_blobs=187 nmethods=9 adapters=133 free_code_cache=48749Kb largest_free_block=49897600

Compilation events (10 events):
Event: 0,098 Thread 0x00007f698809d000 nmethod 1 0x00007f69841b72d0 code [0x00007f69841b7440, 0x00007f69841b7798]
Event: 0,098 Thread 0x00007f698809d000    6             java.lang.Object::<init> (1 bytes)
Event: 0,099 Thread 0x00007f698809d000 nmethod 6 0x00007f69841b7090 code [0x00007f69841b71c0, 0x00007f69841b7258]
Event: 0,099 Thread 0x00007f698809d000    7             ComputationNumber::<init> (78 bytes)
Event: 0,099 Thread 0x00007f698809d000 nmethod 7 0x00007f69841b6e50 code [0x00007f69841b6f80, 0x00007f69841b7038]
Event: 0,099 Thread 0x00007f698809d000    8             MinPQ::insert (72 bytes)
Event: 0,100 Thread 0x00007f69880a0000 nmethod 5 0x00007f69841bb090 code [0x00007f69841bb1e0, 0x00007f69841bb4d8]
Event: 0,103 Thread 0x00007f698809d000 nmethod 8 0x00007f69841ba750 code [0x00007f69841ba8e0, 0x00007f69841bacc8]
Event: 0,107 Thread 0x00007f69880a0000    9 %           ComputationNumber::main @ 44 (233 bytes)
Event: 0,147 Thread 0x00007f69880a0000 nmethod 9% 0x00007f69841bead0 code [0x00007f69841beda0, 0x00007f69841c0950]

GC Heap History (10 events):
Event: 0,232 GC heap after
Heap after GC invocations=2 (full 0):
 PSYoungGen      total 69632K, used 5088K [0x00000007d6800000, 0x00000007db100000, 0x0000000800000000)
  eden space 64512K, 0% used [0x00000007d6800000,0x00000007d6800000,0x00000007da700000)
  from space 5120K, 99% used [0x00000007dac00000,0x00000007db0f8030,0x00000007db100000)
  to   space 5120K, 0% used [0x00000007da700000,0x00000007da700000,0x00000007dac00000)
 ParOldGen       total 84992K, used 50688K [0x0000000783800000, 0x0000000788b00000, 0x00000007d6800000)
  object space 84992K, 59% used [0x0000000783800000,0x0000000786980010,0x0000000788b00000)
 PSPermGen       total 21504K, used 2448K [0x000000077e600000, 0x000000077fb00000, 0x0000000783800000)
  object space 21504K, 11% used [0x000000077e600000,0x000000077e8642a0,0x000000077fb00000)
}
Event: 0,273 GC heap before
{Heap before GC invocations=3 (full 0):
 PSYoungGen      total 69632K, used 67026K [0x00000007d6800000, 0x00000007db100000, 0x0000000800000000)
  eden space 64512K, 96% used [0x00000007d6800000,0x00000007da47ca60,0x00000007da700000)
  from space 5120K, 99% used [0x00000007dac00000,0x00000007db0f8030,0x00000007db100000)
  to   space 5120K, 0% used [0x00000007da700000,0x00000007da700000,0x00000007dac00000)
 ParOldGen       total 84992K, used 50688K [0x0000000783800000, 0x0000000788b00000, 0x00000007d6800000)
  object space 84992K, 59% used [0x0000000783800000,0x0000000786980010,0x0000000788b00000)
 PSPermGen       total 21504K, used 2448K [0x000000077e600000, 0x000000077fb00000, 0x0000000783800000)
  object space 21504K, 11% used [0x000000077e600000,0x000000077e8642a0,0x000000077fb00000)
Event: 0,341 GC heap after
Heap after GC invocations=3 (full 0):
 PSYoungGen      total 69632K, used 5104K [0x00000007d6800000, 0x00000007df000000, 0x0000000800000000)
  eden space 64512K, 0% used [0x00000007d6800000,0x00000007d6800000,0x00000007da700000)
  from space 5120K, 99% used [0x00000007da700000,0x00000007dabfc020,0x00000007dac00000)
  to   space 5120K, 0% used [0x00000007deb00000,0x00000007deb00000,0x00000007df000000)
 ParOldGen       total 109056K, used 108224K [0x0000000783800000, 0x000000078a280000, 0x00000007d6800000)
  object space 109056K, 99% used [0x0000000783800000,0x000000078a1b0020,0x000000078a280000)
 PSPermGen       total 21504K, used 2448K [0x000000077e600000, 0x000000077fb00000, 0x0000000783800000)
  object space 21504K, 11% used [0x000000077e600000,0x000000077e8642a0,0x000000077fb00000)
}
Event: 0,341 GC heap before
{Heap before GC invocations=4 (full 1):
 PSYoungGen      total 69632K, used 5104K [0x00000007d6800000, 0x00000007df000000, 0x0000000800000000)
  eden space 64512K, 0% used [0x00000007d6800000,0x00000007d6800000,0x00000007da700000)
  from space 5120K, 99% used [0x00000007da700000,0x00000007dabfc020,0x00000007dac00000)
  to   space 5120K, 0% used [0x00000007deb00000,0x00000007deb00000,0x00000007df000000)
 ParOldGen       total 109056K, used 108224K [0x0000000783800000, 0x000000078a280000, 0x00000007d6800000)
  object space 109056K, 99% used [0x0000000783800000,0x000000078a1b0020,0x000000078a280000)
 PSPermGen       total 21504K, used 2448K [0x000000077e600000, 0x000000077fb00000, 0x0000000783800000)
  object space 21504K, 11% used [0x000000077e600000,0x000000077e8642a0,0x000000077fb00000)
Event: 0,748 GC heap after
Heap after GC invocations=4 (full 1):
 PSYoungGen      total 69632K, used 5102K [0x00000007d6800000, 0x00000007df000000, 0x0000000800000000)
  eden space 64512K, 0% used [0x00000007d6800000,0x00000007d6800000,0x00000007da700000)
  from space 5120K, 99% used [0x00000007da700000,0x00000007dabfbb38,0x00000007dac00000)
  to   space 5120K, 0% used [0x00000007deb00000,0x00000007deb00000,0x00000007df000000)
 ParOldGen       total 216064K, used 105709K [0x0000000783800000, 0x0000000790b00000, 0x00000007d6800000)
  object space 216064K, 48% used [0x0000000783800000,0x0000000789f3b4b0,0x0000000790b00000)
 PSPermGen       total 21504K, used 2447K [0x000000077e600000, 0x000000077fb00000, 0x0000000783800000)
  object space 21504K, 11% used [0x000000077e600000,0x000000077e863f40,0x000000077fb00000)
}
Event: 0,786 GC heap before
{Heap before GC invocations=5 (full 1):
 PSYoungGen      total 69632K, used 69614K [0x00000007d6800000, 0x00000007df000000, 0x0000000800000000)
  eden space 64512K, 100% used [0x00000007d6800000,0x00000007da700000,0x00000007da700000)
  from space 5120K, 99% used [0x00000007da700000,0x00000007dabfbb38,0x00000007dac00000)
  to   space 5120K, 0% used [0x00000007deb00000,0x00000007deb00000,0x00000007df000000)
 ParOldGen       total 216064K, used 105709K [0x0000000783800000, 0x0000000790b00000, 0x00000007d6800000)
  object space 216064K, 48% used [0x0000000783800000,0x0000000789f3b4b0,0x0000000790b00000)
 PSPermGen       total 21504K, used 2447K [0x000000077e600000, 0x000000077fb00000, 0x0000000783800000)
  object space 21504K, 11% used [0x000000077e600000,0x000000077e863f40,0x000000077fb00000)
Event: 0,980 GC heap after
Heap after GC invocations=5 (full 1):
 PSYoungGen      total 98816K, used 5120K [0x00000007d6800000, 0x00000007df000000, 0x0000000800000000)
  eden space 93696K, 0% used [0x00000007d6800000,0x00000007d6800000,0x00000007dc380000)
  from space 5120K, 100% used [0x00000007deb00000,0x00000007df000000,0x00000007df000000)
  to   space 5120K, 0% used [0x00000007de600000,0x00000007de600000,0x00000007deb00000)
 ParOldGen       total 216064K, used 166357K [0x0000000783800000, 0x0000000790b00000, 0x00000007d6800000)
  object space 216064K, 76% used [0x0000000783800000,0x000000078da754c0,0x0000000790b00000)
 PSPermGen       total 21504K, used 2447K [0x000000077e600000, 0x000000077fb00000, 0x0000000783800000)
  object space 21504K, 11% used [0x000000077e600000,0x000000077e863f40,0x000000077fb00000)
}
Event: 0,980 GC heap before
{Heap before GC invocations=6 (full 2):
 PSYoungGen      total 98816K, used 5120K [0x00000007d6800000, 0x00000007df000000, 0x0000000800000000)
  eden space 93696K, 0% used [0x00000007d6800000,0x00000007d6800000,0x00000007dc380000)
  from space 5120K, 100% used [0x00000007deb00000,0x00000007df000000,0x00000007df000000)
  to   space 5120K, 0% used [0x00000007de600000,0x00000007de600000,0x00000007deb00000)
 ParOldGen       total 216064K, used 166357K [0x0000000783800000, 0x0000000790b00000, 0x00000007d6800000)
  object space 216064K, 76% used [0x0000000783800000,0x000000078da754c0,0x0000000790b00000)
 PSPermGen       total 21504K, used 2447K [0x000000077e600000, 0x000000077fb00000, 0x0000000783800000)
  object space 21504K, 11% used [0x000000077e600000,0x000000077e863f40,0x000000077fb00000)
Event: 1,364 GC heap after
Heap after GC invocations=6 (full 2):
 PSYoungGen      total 98816K, used 0K [0x00000007d6800000, 0x00000007df000000, 0x0000000800000000)
  eden space 93696K, 0% used [0x00000007d6800000,0x00000007d6800000,0x00000007dc380000)
  from space 5120K, 0% used [0x00000007deb00000,0x00000007deb00000,0x00000007df000000)
  to   space 5120K, 0% used [0x00000007de600000,0x00000007de600000,0x00000007deb00000)
 ParOldGen       total 325120K, used 171225K [0x0000000783800000, 0x0000000797580000, 0x00000007d6800000)
  object space 325120K, 52% used [0x0000000783800000,0x000000078df36648,0x0000000797580000)
 PSPermGen       total 21504K, used 2447K [0x000000077e600000, 0x000000077fb00000, 0x0000000783800000)
  object space 21504K, 11% used [0x000000077e600000,0x000000077e863f40,0x000000077fb00000)
}
Event: 1,421 GC heap before
{Heap before GC invocations=7 (full 2):
 PSYoungGen      total 98816K, used 93696K [0x00000007d6800000, 0x00000007df000000, 0x0000000800000000)
  eden space 93696K, 100% used [0x00000007d6800000,0x00000007dc380000,0x00000007dc380000)
  from space 5120K, 0% used [0x00000007deb00000,0x00000007deb00000,0x00000007df000000)
  to   space 5120K, 0% used [0x00000007de600000,0x00000007de600000,0x00000007deb00000)
 ParOldGen       total 325120K, used 171225K [0x0000000783800000, 0x0000000797580000, 0x00000007d6800000)
  object space 325120K, 52% used [0x0000000783800000,0x000000078df36648,0x0000000797580000)
 PSPermGen       total 21504K, used 2447K [0x000000077e600000, 0x000000077fb00000, 0x0000000783800000)
  object space 21504K, 11% used [0x000000077e600000,0x000000077e863f40,0x000000077fb00000)

Deoptimization events (0 events):
No events

Internal exceptions (4 events):
Event: 0,033 Thread 0x00007f6988009800 Threw 0x00000007d680f180 at /HUDSON/workspace/7u-2-build-linux-amd64/jdk7u80/2329/hotspot/src/share/vm/prims/jni.cpp:3991
Event: 0,056 Thread 0x00007f6988009800 Threw 0x00000007d6847500 at /HUDSON/workspace/7u-2-build-linux-amd64/jdk7u80/2329/hotspot/src/share/vm/prims/jvm.cpp:1319
Event: 0,060 Thread 0x00007f6988009800 Threw 0x00000007d684da20 at /HUDSON/workspace/7u-2-build-linux-amd64/jdk7u80/2329/hotspot/src/share/vm/prims/jvm.cpp:1319
Event: 0,061 Thread 0x00007f6988009800 Threw 0x00000007d6852250 at /HUDSON/workspace/7u-2-build-linux-amd64/jdk7u80/2329/hotspot/src/share/vm/prims/jvm.cpp:1319

Events (10 events):
Event: 0,061 loading class 0x00007f69880bb920 done
Event: 0,153 Executing VM operation: ParallelGCFailedAllocation
Event: 0,183 Executing VM operation: ParallelGCFailedAllocation done
Event: 0,198 Executing VM operation: ParallelGCFailedAllocation
Event: 0,232 Executing VM operation: ParallelGCFailedAllocation done
Event: 0,273 Executing VM operation: ParallelGCFailedAllocation
Event: 0,748 Executing VM operation: ParallelGCFailedAllocation done
Event: 0,786 Executing VM operation: ParallelGCFailedAllocation
Event: 1,364 Executing VM operation: ParallelGCFailedAllocation done
Event: 1,421 Executing VM operation: ParallelGCFailedAllocation


Dynamic libraries:
00400000-00401000 r-xp 00000000 08:15 804007                             /usr/lib/jvm/java-7-oracle/jre/bin/java
00600000-00601000 rw-p 00000000 08:15 804007                             /usr/lib/jvm/java-7-oracle/jre/bin/java
01662000-01683000 rw-p 00000000 00:00 0                                  [heap]
77e600000-77fb00000 rw-p 00000000 00:00 0 
77fb00000-783800000 rw-p 00000000 00:00 0 
783800000-797580000 rw-p 00000000 00:00 0 
797580000-7d6800000 rw-p 00000000 00:00 0 
7d6800000-7df000000 rw-p 00000000 00:00 0 
7ebb80000-800000000 rw-p 00000000 00:00 0 
7f6928000000-7f6928021000 rw-p 00000000 00:00 0 
7f6928021000-7f692c000000 ---p 00000000 00:00 0 
7f6930000000-7f6930352000 rw-p 00000000 00:00 0 
7f6930352000-7f6934000000 ---p 00000000 00:00 0 
7f6934000000-7f6934021000 rw-p 00000000 00:00 0 
7f6934021000-7f6938000000 ---p 00000000 00:00 0 
7f6938000000-7f6938021000 rw-p 00000000 00:00 0 
7f6938021000-7f693c000000 ---p 00000000 00:00 0 
7f693c000000-7f693c0be000 rw-p 00000000 00:00 0 
7f693c0be000-7f6940000000 ---p 00000000 00:00 0 
7f6940000000-7f6940021000 rw-p 00000000 00:00 0 
7f6940021000-7f6944000000 ---p 00000000 00:00 0 
7f6944000000-7f6944021000 rw-p 00000000 00:00 0 
7f6944021000-7f6948000000 ---p 00000000 00:00 0 
7f6948000000-7f6948021000 rw-p 00000000 00:00 0 
7f6948021000-7f694c000000 ---p 00000000 00:00 0 
7f694ff30000-7f6954000000 rw-p 00000000 00:00 0 
7f6954000000-7f6954021000 rw-p 00000000 00:00 0 
7f6954021000-7f6958000000 ---p 00000000 00:00 0 
7f695c000000-7f695c021000 rw-p 00000000 00:00 0 
7f695c021000-7f6960000000 ---p 00000000 00:00 0 
7f6964000000-7f6964021000 rw-p 00000000 00:00 0 
7f6964021000-7f6968000000 ---p 00000000 00:00 0 
7f696bdb7000-7f696c000000 rw-p 00000000 00:00 0 
7f696c000000-7f696c021000 rw-p 00000000 00:00 0 
7f696c021000-7f6970000000 ---p 00000000 00:00 0 
7f6970000000-7f6970021000 rw-p 00000000 00:00 0 
7f6970021000-7f6974000000 ---p 00000000 00:00 0 
7f6974000000-7f697434e000 rw-p 00000000 00:00 0 
7f697434e000-7f6978000000 ---p 00000000 00:00 0 
7f6978000000-7f697817a000 rw-p 00000000 00:00 0 
7f697817a000-7f697c000000 ---p 00000000 00:00 0 
7f697c000000-7f697c021000 rw-p 00000000 00:00 0 
7f697c021000-7f6980000000 ---p 00000000 00:00 0 
7f6980083000-7f6980084000 ---p 00000000 00:00 0 
7f6980084000-7f6980184000 rw-p 00000000 00:00 0                          [stack:8042]
7f6980184000-7f6980187000 ---p 00000000 00:00 0 
7f6980187000-7f6980285000 rw-p 00000000 00:00 0                          [stack:8041]
7f6980285000-7f6980288000 ---p 00000000 00:00 0 
7f6980288000-7f6980386000 rw-p 00000000 00:00 0                          [stack:8040]
7f6980386000-7f6980389000 ---p 00000000 00:00 0 
7f6980389000-7f6980487000 rw-p 00000000 00:00 0                          [stack:8039]
7f6980487000-7f698048a000 ---p 00000000 00:00 0 
7f698048a000-7f6980588000 rw-p 00000000 00:00 0                          [stack:8038]
7f6980588000-7f6980c6b000 r--p 00000000 08:15 794290                     /usr/lib/locale/locale-archive
7f6980c6b000-7f6980c6e000 ---p 00000000 00:00 0 
7f6980c6e000-7f6980d6c000 rw-p 00000000 00:00 0                          [stack:8037]
7f6980d6c000-7f6980d6f000 ---p 00000000 00:00 0 
7f6980d6f000-7f6980e6d000 rw-p 00000000 00:00 0                          [stack:8036]
7f6980e6d000-7f6980e6e000 ---p 00000000 00:00 0 
7f6980e6e000-7f6982bbb000 rw-p 00000000 00:00 0                          [stack:8035]
7f6982bbb000-7f6982d7b000 r--s 039fb000 08:15 804021                     /usr/lib/jvm/java-7-oracle/jre/lib/rt.jar
7f6982d7b000-7f69832aa000 rw-p 00000000 00:00 0 
7f69832aa000-7f69832ab000 ---p 00000000 00:00 0 
7f69832ab000-7f69833ab000 rw-p 00000000 00:00 0                          [stack:8034]
7f69833ab000-7f69833ac000 ---p 00000000 00:00 0 
7f69833ac000-7f69834ac000 rw-p 00000000 00:00 0                          [stack:8033]
7f69834ac000-7f69834ad000 ---p 00000000 00:00 0 
7f69834ad000-7f69835ad000 rw-p 00000000 00:00 0                          [stack:8032]
7f69835ad000-7f69835ae000 ---p 00000000 00:00 0 
7f69835ae000-7f69836ae000 rw-p 00000000 00:00 0                          [stack:8031]
7f69836ae000-7f69836af000 ---p 00000000 00:00 0 
7f69836af000-7f69837af000 rw-p 00000000 00:00 0                          [stack:8030]
7f69837af000-7f69837b0000 ---p 00000000 00:00 0 
7f69837b0000-7f69838b0000 rw-p 00000000 00:00 0                          [stack:8029]
7f69838b0000-7f69838b1000 ---p 00000000 00:00 0 
7f69838b1000-7f69839b1000 rw-p 00000000 00:00 0                          [stack:8028]
7f69839b1000-7f69839b2000 ---p 00000000 00:00 0 
7f69839b2000-7f6983b51000 rw-p 00000000 00:00 0                          [stack:8027]
7f6983b51000-7f6983d4a000 rw-p 00000000 00:00 0 
7f6983d4a000-7f6983d55000 rw-p 00000000 00:00 0 
7f6983d55000-7f6983d73000 rw-p 00000000 00:00 0 
7f6983d73000-7f6983e12000 rw-p 00000000 00:00 0 
7f6983e12000-7f698400b000 rw-p 00000000 00:00 0 
7f698400b000-7f698404f000 rw-p 00000000 00:00 0 
7f698404f000-7f6984157000 rw-p 00000000 00:00 0 
7f6984157000-7f6984158000 rw-p 00000000 00:00 0 
7f6984158000-7f69843c8000 rwxp 00000000 00:00 0 
7f69843c8000-7f6987158000 rw-p 00000000 00:00 0 
7f6987158000-7f698716f000 r-xp 00000000 08:15 931410                     /usr/lib/jvm/java-7-oracle/jre/lib/amd64/libzip.so
7f698716f000-7f698736f000 ---p 00017000 08:15 931410                     /usr/lib/jvm/java-7-oracle/jre/lib/amd64/libzip.so
7f698736f000-7f6987370000 rw-p 00017000 08:15 931410                     /usr/lib/jvm/java-7-oracle/jre/lib/amd64/libzip.so
7f6987370000-7f698737c000 r-xp 00000000 08:15 1576962                    /lib/x86_64-linux-gnu/libnss_files-2.17.so
7f698737c000-7f698757b000 ---p 0000c000 08:15 1576962                    /lib/x86_64-linux-gnu/libnss_files-2.17.so
7f698757b000-7f698757c000 r--p 0000b000 08:15 1576962                    /lib/x86_64-linux-gnu/libnss_files-2.17.so
7f698757c000-7f698757d000 rw-p 0000c000 08:15 1576962                    /lib/x86_64-linux-gnu/libnss_files-2.17.so
7f6987580000-7f698758b000 r-xp 00000000 08:15 1576966                    /lib/x86_64-linux-gnu/libnss_nis-2.17.so
7f698758b000-7f698778a000 ---p 0000b000 08:15 1576966                    /lib/x86_64-linux-gnu/libnss_nis-2.17.so
7f698778a000-7f698778b000 r--p 0000a000 08:15 1576966                    /lib/x86_64-linux-gnu/libnss_nis-2.17.so
7f698778b000-7f698778c000 rw-p 0000b000 08:15 1576966                    /lib/x86_64-linux-gnu/libnss_nis-2.17.so
7f6987790000-7f69877a7000 r-xp 00000000 08:15 1576956                    /lib/x86_64-linux-gnu/libnsl-2.17.so
7f69877a7000-7f69879a6000 ---p 00017000 08:15 1576956                    /lib/x86_64-linux-gnu/libnsl-2.17.so
7f69879a6000-7f69879a7000 r--p 00016000 08:15 1576956                    /lib/x86_64-linux-gnu/libnsl-2.17.so
7f69879a7000-7f69879a8000 rw-p 00017000 08:15 1576956                    /lib/x86_64-linux-gnu/libnsl-2.17.so
7f69879a8000-7f69879aa000 rw-p 00000000 00:00 0 
7f69879b0000-7f69879b8000 r-xp 00000000 08:15 1576958                    /lib/x86_64-linux-gnu/libnss_compat-2.17.so
7f69879b8000-7f6987bb7000 ---p 00008000 08:15 1576958                    /lib/x86_64-linux-gnu/libnss_compat-2.17.so
7f6987bb7000-7f6987bb8000 r--p 00007000 08:15 1576958                    /lib/x86_64-linux-gnu/libnss_compat-2.17.so
7f6987bb8000-7f6987bb9000 rw-p 00008000 08:15 1576958                    /lib/x86_64-linux-gnu/libnss_compat-2.17.so
7f6987bc0000-7f6987be9000 r-xp 00000000 08:15 931433                     /usr/lib/jvm/java-7-oracle/jre/lib/amd64/libjava.so
7f6987be9000-7f6987de9000 ---p 00029000 08:15 931433                     /usr/lib/jvm/java-7-oracle/jre/lib/amd64/libjava.so
7f6987de9000-7f6987deb000 rw-p 00029000 08:15 931433                     /usr/lib/jvm/java-7-oracle/jre/lib/amd64/libjava.so
7f6987df0000-7f6987dfd000 r-xp 00000000 08:15 931436                     /usr/lib/jvm/java-7-oracle/jre/lib/amd64/libverify.so
7f6987dfd000-7f6987ffc000 ---p 0000d000 08:15 931436                     /usr/lib/jvm/java-7-oracle/jre/lib/amd64/libverify.so
7f6987ffc000-7f6987ffe000 rw-p 0000c000 08:15 931436                     /usr/lib/jvm/java-7-oracle/jre/lib/amd64/libverify.so
7f6988000000-7f69880be000 rw-p 00000000 00:00 0 
7f69880be000-7f698c000000 ---p 00000000 00:00 0 
7f698c006000-7f698c032000 rw-p 00000000 00:00 0 
7f698c032000-7f698c050000 rw-p 00000000 00:00 0 
7f698c050000-7f698c057000 r-xp 00000000 08:15 1577009                    /lib/x86_64-linux-gnu/librt-2.17.so
7f698c057000-7f698c256000 ---p 00007000 08:15 1577009                    /lib/x86_64-linux-gnu/librt-2.17.so
7f698c256000-7f698c257000 r--p 00006000 08:15 1577009                    /lib/x86_64-linux-gnu/librt-2.17.so
7f698c257000-7f698c258000 rw-p 00007000 08:15 1577009                    /lib/x86_64-linux-gnu/librt-2.17.so
7f698c258000-7f698c35b000 r-xp 00000000 08:15 1576937                    /lib/x86_64-linux-gnu/libm-2.17.so
7f698c35b000-7f698c55a000 ---p 00103000 08:15 1576937                    /lib/x86_64-linux-gnu/libm-2.17.so
7f698c55a000-7f698c55b000 r--p 00102000 08:15 1576937                    /lib/x86_64-linux-gnu/libm-2.17.so
7f698c55b000-7f698c55c000 rw-p 00103000 08:15 1576937                    /lib/x86_64-linux-gnu/libm-2.17.so
7f698c560000-7f698d0d6000 r-xp 00000000 08:15 1453927                    /usr/lib/jvm/java-7-oracle/jre/lib/amd64/server/libjvm.so
7f698d0d6000-7f698d2d5000 ---p 00b76000 08:15 1453927                    /usr/lib/jvm/java-7-oracle/jre/lib/amd64/server/libjvm.so
7f698d2d5000-7f698d399000 rw-p 00b75000 08:15 1453927                    /usr/lib/jvm/java-7-oracle/jre/lib/amd64/server/libjvm.so
7f698d399000-7f698d3da000 rw-p 00000000 00:00 0 
7f698d3e0000-7f698d59d000 r-xp 00000000 08:15 1576886                    /lib/x86_64-linux-gnu/libc-2.17.so
7f698d59d000-7f698d79d000 ---p 001bd000 08:15 1576886                    /lib/x86_64-linux-gnu/libc-2.17.so
7f698d79d000-7f698d7a1000 r--p 001bd000 08:15 1576886                    /lib/x86_64-linux-gnu/libc-2.17.so
7f698d7a1000-7f698d7a3000 rw-p 001c1000 08:15 1576886                    /lib/x86_64-linux-gnu/libc-2.17.so
7f698d7a3000-7f698d7a8000 rw-p 00000000 00:00 0 
7f698d7a8000-7f698d7ab000 r-xp 00000000 08:15 1576901                    /lib/x86_64-linux-gnu/libdl-2.17.so
7f698d7ab000-7f698d9aa000 ---p 00003000 08:15 1576901                    /lib/x86_64-linux-gnu/libdl-2.17.so
7f698d9aa000-7f698d9ab000 r--p 00002000 08:15 1576901                    /lib/x86_64-linux-gnu/libdl-2.17.so
7f698d9ab000-7f698d9ac000 rw-p 00003000 08:15 1576901                    /lib/x86_64-linux-gnu/libdl-2.17.so
7f698d9b0000-7f698d9c5000 r-xp 00000000 08:15 1587883                    /usr/lib/jvm/java-7-oracle/jre/lib/amd64/jli/libjli.so
7f698d9c5000-7f698dbc4000 ---p 00015000 08:15 1587883                    /usr/lib/jvm/java-7-oracle/jre/lib/amd64/jli/libjli.so
7f698dbc4000-7f698dbc5000 rw-p 00014000 08:15 1587883                    /usr/lib/jvm/java-7-oracle/jre/lib/amd64/jli/libjli.so
7f698dbc8000-7f698dbdf000 r-xp 00000000 08:15 1577001                    /lib/x86_64-linux-gnu/libpthread-2.17.so
7f698dbdf000-7f698dddf000 ---p 00017000 08:15 1577001                    /lib/x86_64-linux-gnu/libpthread-2.17.so
7f698dddf000-7f698dde0000 r--p 00017000 08:15 1577001                    /lib/x86_64-linux-gnu/libpthread-2.17.so
7f698dde0000-7f698dde1000 rw-p 00018000 08:15 1577001                    /lib/x86_64-linux-gnu/libpthread-2.17.so
7f698dde1000-7f698dde5000 rw-p 00000000 00:00 0 
7f698dde8000-7f698de0b000 r-xp 00000000 08:15 1576862                    /lib/x86_64-linux-gnu/ld-2.17.so
7f698de0c000-7f698de37000 rw-p 00000000 00:00 0 
7f698de37000-7f698deed000 rw-p 00000000 00:00 0 
7f698deed000-7f698def0000 ---p 00000000 00:00 0 
7f698def0000-7f698dff0000 rw-p 00000000 00:00 0                          [stack:8026]
7f698dff8000-7f698e000000 rw-s 00000000 08:15 2760361                    /tmp/hsperfdata_commander/8025
7f698e006000-7f698e008000 rw-p 00000000 00:00 0 
7f698e008000-7f698e009000 ---p 00000000 00:00 0 
7f698e009000-7f698e00a000 rw-p 00000000 00:00 0 
7f698e00a000-7f698e00b000 r--p 00022000 08:15 1576862                    /lib/x86_64-linux-gnu/ld-2.17.so
7f698e00b000-7f698e00d000 rw-p 00023000 08:15 1576862                    /lib/x86_64-linux-gnu/ld-2.17.so
7f698e00d000-7f698e010000 rw-p 00000000 00:00 0 
7fff95f0c000-7fff95f2d000 rw-p 00000000 00:00 0                          [stack]
7fff95f58000-7fff95f5a000 r-xp 00000000 00:00 0                          [vdso]
ffffffffff600000-ffffffffff601000 r-xp 00000000 00:00 0                  [vsyscall]

VM Arguments:
jvm_args: -XX:-UseGCOverheadLimit 
java_command: ComputationNumber 2000
Launcher Type: SUN_STANDARD

Environment Variables:
CLASSPATH=.:/home/commander/introcs/stdlib.jar
PATH=.:/home/commander/bin:.:/home/commander/bin/script:.:/home/commander/introcs/bin:.:/home/commander/algs4/bin:/home/commander/bin:/usr/lib/lightdm/lightdm:/usr/local/sbin:/usr/local/bin:/usr/sbin:/usr/bin:/sbin:/bin:/usr/games:/usr/local/games
LD_LIBRARY_PATH=/usr/lib32
SHELL=/bin/bash
DISPLAY=:0.0

Signal Handlers:
SIGSEGV: [libjvm.so+0x9a3b20], sa_mask[0]=0x7ffbfeff, sa_flags=0x10000004
SIGBUS: [libjvm.so+0x9a3b20], sa_mask[0]=0x7ffbfeff, sa_flags=0x10000004
SIGFPE: [libjvm.so+0x81e740], sa_mask[0]=0x7ffbfeff, sa_flags=0x10000004
SIGPIPE: [libjvm.so+0x81e740], sa_mask[0]=0x7ffbfeff, sa_flags=0x10000004
SIGXFSZ: [libjvm.so+0x81e740], sa_mask[0]=0x7ffbfeff, sa_flags=0x10000004
SIGILL: [libjvm.so+0x81e740], sa_mask[0]=0x7ffbfeff, sa_flags=0x10000004
SIGUSR1: SIG_DFL, sa_mask[0]=0x00000000, sa_flags=0x00000000
SIGUSR2: [libjvm.so+0x81ffb0], sa_mask[0]=0x00000000, sa_flags=0x10000004
SIGHUP: [libjvm.so+0x8210d0], sa_mask[0]=0x7ffbfeff, sa_flags=0x10000004
SIGINT: [libjvm.so+0x8210d0], sa_mask[0]=0x7ffbfeff, sa_flags=0x10000004
SIGTERM: [libjvm.so+0x8210d0], sa_mask[0]=0x7ffbfeff, sa_flags=0x10000004
SIGQUIT: [libjvm.so+0x8210d0], sa_mask[0]=0x7ffbfeff, sa_flags=0x10000004


---------------  S Y S T E M  ---------------

OS:wheezy/sid

uname:Linux 3.11.0-26-generic #45-Ubuntu SMP Tue Jul 15 04:02:06 UTC 2014 x86_64
libc:glibc 2.17 NPTL 2.17 
rlimit: STACK 8192k, CORE 0k, NPROC 63017, NOFILE 4096, AS infinity
load average:3,84 3,04 3,01

/proc/meminfo:
MemTotal:        8158360 kB
MemFree:          134564 kB
Buffers:             832 kB
Cached:           143284 kB
SwapCached:            0 kB
Active:          7479528 kB
Inactive:         100372 kB
Active(anon):    7437784 kB
Inactive(anon):    60936 kB
Active(file):      41744 kB
Inactive(file):    39436 kB
Unevictable:          48 kB
Mlocked:              48 kB
SwapTotal:             0 kB
SwapFree:              0 kB
Dirty:               168 kB
Writeback:             0 kB
AnonPages:       7436572 kB
Mapped:           265260 kB
Shmem:             62300 kB
Slab:              73324 kB
SReclaimable:      26512 kB
SUnreclaim:        46812 kB
KernelStack:        6168 kB
PageTables:        60056 kB
NFS_Unstable:          0 kB
Bounce:                0 kB
WritebackTmp:          0 kB
CommitLimit:     4079180 kB
Committed_AS:   13682252 kB
VmallocTotal:   34359738367 kB
VmallocUsed:      315688 kB
VmallocChunk:   34359420156 kB
HardwareCorrupted:     0 kB
AnonHugePages:         0 kB
HugePages_Total:       0
HugePages_Free:        0
HugePages_Rsvd:        0
HugePages_Surp:        0
Hugepagesize:       2048 kB
DirectMap4k:      120448 kB
DirectMap2M:     3006464 kB
DirectMap1G:     5242880 kB


CPU:total 8 (8 cores per cpu, 1 threads per core) family 21 model 2 stepping 0, cmov, cx8, fxsr, mmx, sse, sse2, sse3, ssse3, sse4.1, sse4.2, popcnt, avx, aes, mmxext, 3dnowpref, lzcnt, sse4a, tsc, tscinvbit, tscinv

/proc/cpuinfo:
processor	: 0
vendor_id	: AuthenticAMD
cpu family	: 21
model		: 2
model name	: AMD FX(tm)-8320 Eight-Core Processor
stepping	: 0
microcode	: 0x6000822
cpu MHz		: 1400.000
cache size	: 2048 KB
physical id	: 0
siblings	: 8
core id		: 0
cpu cores	: 4
apicid		: 0
initial apicid	: 0
fpu		: yes
fpu_exception	: yes
cpuid level	: 13
wp		: yes
flags		: fpu vme de pse tsc msr pae mce cx8 apic sep mtrr pge mca cmov pat pse36 clflush mmx fxsr sse sse2 ht syscall nx mmxext fxsr_opt pdpe1gb rdtscp lm constant_tsc rep_good nopl nonstop_tsc extd_apicid aperfmperf pni pclmulqdq monitor ssse3 fma cx16 sse4_1 sse4_2 popcnt aes xsave avx f16c lahf_lm cmp_legacy svm extapic cr8_legacy abm sse4a misalignsse 3dnowprefetch osvw ibs xop skinit wdt lwp fma4 tce nodeid_msr tbm topoext perfctr_core perfctr_nb arat cpb hw_pstate npt lbrv svm_lock nrip_save tsc_scale vmcb_clean flushbyasid decodeassists pausefilter pfthreshold bmi1
bogomips	: 7047.27
TLB size	: 1536 4K pages
clflush size	: 64
cache_alignment	: 64
address sizes	: 48 bits physical, 48 bits virtual
power management: ts ttp tm 100mhzsteps hwpstate cpb eff_freq_ro

processor	: 1
vendor_id	: AuthenticAMD
cpu family	: 21
model		: 2
model name	: AMD FX(tm)-8320 Eight-Core Processor           
stepping	: 0
microcode	: 0x6000822
cpu MHz		: 1400.000
cache size	: 2048 KB
physical id	: 0
siblings	: 8
core id		: 3
cpu cores	: 4
apicid		: 1
initial apicid	: 3
fpu		: yes
fpu_exception	: yes
cpuid level	: 13
wp		: yes
flags		: fpu vme de pse tsc msr pae mce cx8 apic sep mtrr pge mca cmov pat pse36 clflush mmx fxsr sse sse2 ht syscall nx mmxext fxsr_opt pdpe1gb rdtscp lm constant_tsc rep_good nopl nonstop_tsc extd_apicid aperfmperf pni pclmulqdq monitor ssse3 fma cx16 sse4_1 sse4_2 popcnt aes xsave avx f16c lahf_lm cmp_legacy svm extapic cr8_legacy abm sse4a misalignsse 3dnowprefetch osvw ibs xop skinit wdt lwp fma4 tce nodeid_msr tbm topoext perfctr_core perfctr_nb arat cpb hw_pstate npt lbrv svm_lock nrip_save tsc_scale vmcb_clean flushbyasid decodeassists pausefilter pfthreshold bmi1
bogomips	: 7047.27
TLB size	: 1536 4K pages
clflush size	: 64
cache_alignment	: 64
address sizes	: 48 bits physical, 48 bits virtual
power management: ts ttp tm 100mhzsteps hwpstate cpb eff_freq_ro

processor	: 2
vendor_id	: AuthenticAMD
cpu family	: 21
model		: 2
model name	: AMD FX(tm)-8320 Eight-Core Processor           
stepping	: 0
microcode	: 0x6000822
cpu MHz		: 3500.000
cache size	: 2048 KB
physical id	: 0
siblings	: 8
core id		: 1
cpu cores	: 4
apicid		: 2
initial apicid	: 1
fpu		: yes
fpu_exception	: yes
cpuid level	: 13
wp		: yes
flags		: fpu vme de pse tsc msr pae mce cx8 apic sep mtrr pge mca cmov pat pse36 clflush mmx fxsr sse sse2 ht syscall nx mmxext fxsr_opt pdpe1gb rdtscp lm constant_tsc rep_good nopl nonstop_tsc extd_apicid aperfmperf pni pclmulqdq monitor ssse3 fma cx16 sse4_1 sse4_2 popcnt aes xsave avx f16c lahf_lm cmp_legacy svm extapic cr8_legacy abm sse4a misalignsse 3dnowprefetch osvw ibs xop skinit wdt lwp fma4 tce nodeid_msr tbm topoext perfctr_core perfctr_nb arat cpb hw_pstate npt lbrv svm_lock nrip_save tsc_scale vmcb_clean flushbyasid decodeassists pausefilter pfthreshold bmi1
bogomips	: 7047.27
TLB size	: 1536 4K pages
clflush size	: 64
cache_alignment	: 64
address sizes	: 48 bits physical, 48 bits virtual
power management: ts ttp tm 100mhzsteps hwpstate cpb eff_freq_ro

processor	: 3
vendor_id	: AuthenticAMD
cpu family	: 21
model		: 2
model name	: AMD FX(tm)-8320 Eight-Core Processor           
stepping	: 0
microcode	: 0x6000822
cpu MHz		: 1400.000
cache size	: 2048 KB
physical id	: 0
siblings	: 8
core id		: 6
cpu cores	: 4
apicid		: 3
initial apicid	: 6
fpu		: yes
fpu_exception	: yes
cpuid level	: 13
wp		: yes
flags		: fpu vme de pse tsc msr pae mce cx8 apic sep mtrr pge mca cmov pat pse36 clflush mmx fxsr sse sse2 ht syscall nx mmxext fxsr_opt pdpe1gb rdtscp lm constant_tsc rep_good nopl nonstop_tsc extd_apicid aperfmperf pni pclmulqdq monitor ssse3 fma cx16 sse4_1 sse4_2 popcnt aes xsave avx f16c lahf_lm cmp_legacy svm extapic cr8_legacy abm sse4a misalignsse 3dnowprefetch osvw ibs xop skinit wdt lwp fma4 tce nodeid_msr tbm topoext perfctr_core perfctr_nb arat cpb hw_pstate npt lbrv svm_lock nrip_save tsc_scale vmcb_clean flushbyasid decodeassists pausefilter pfthreshold bmi1
bogomips	: 7047.27
TLB size	: 1536 4K pages
clflush size	: 64
cache_alignment	: 64
address sizes	: 48 bits physical, 48 bits virtual
power management: ts ttp tm 100mhzsteps hwpstate cpb eff_freq_ro

processor	: 4
vendor_id	: AuthenticAMD
cpu family	: 21
model		: 2
model name	: AMD FX(tm)-8320 Eight-Core Processor           
stepping	: 0
microcode	: 0x6000822
cpu MHz		: 1400.000
cache size	: 2048 KB
physical id	: 0
siblings	: 8
core id		: 7
cpu cores	: 4
apicid		: 4
initial apicid	: 7
fpu		: yes
fpu_exception	: yes
cpuid level	: 13
wp		: yes
flags		: fpu vme de pse tsc msr pae mce cx8 apic sep mtrr pge mca cmov pat pse36 clflush mmx fxsr sse sse2 ht syscall nx mmxext fxsr_opt pdpe1gb rdtscp lm constant_tsc rep_good nopl nonstop_tsc extd_apicid aperfmperf pni pclmulqdq monitor ssse3 fma cx16 sse4_1 sse4_2 popcnt aes xsave avx f16c lahf_lm cmp_legacy svm extapic cr8_legacy abm sse4a misalignsse 3dnowprefetch osvw ibs xop skinit wdt lwp fma4 tce nodeid_msr tbm topoext perfctr_core perfctr_nb arat cpb hw_pstate npt lbrv svm_lock nrip_save tsc_scale vmcb_clean flushbyasid decodeassists pausefilter pfthreshold bmi1
bogomips	: 7047.27
TLB size	: 1536 4K pages
clflush size	: 64
cache_alignment	: 64
address sizes	: 48 bits physical, 48 bits virtual
power management: ts ttp tm 100mhzsteps hwpstate cpb eff_freq_ro

processor	: 5
vendor_id	: AuthenticAMD
cpu family	: 21
model		: 2
model name	: AMD FX(tm)-8320 Eight-Core Processor           
stepping	: 0
microcode	: 0x6000822
cpu MHz		: 1400.000
cache size	: 2048 KB
physical id	: 0
siblings	: 8
core id		: 2
cpu cores	: 4
apicid		: 5
initial apicid	: 2
fpu		: yes
fpu_exception	: yes
cpuid level	: 13
wp		: yes
flags		: fpu vme de pse tsc msr pae mce cx8 apic sep mtrr pge mca cmov pat pse36 clflush mmx fxsr sse sse2 ht syscall nx mmxext fxsr_opt pdpe1gb rdtscp lm constant_tsc rep_good nopl nonstop_tsc extd_apicid aperfmperf pni pclmulqdq monitor ssse3 fma cx16 sse4_1 sse4_2 popcnt aes xsave avx f16c lahf_lm cmp_legacy svm extapic cr8_legacy abm sse4a misalignsse 3dnowprefetch osvw ibs xop skinit wdt lwp fma4 tce nodeid_msr tbm topoext perfctr_core perfctr_nb arat cpb hw_pstate npt lbrv svm_lock nrip_save tsc_scale vmcb_clean flushbyasid decodeassists pausefilter pfthreshold bmi1
bogomips	: 7047.27
TLB size	: 1536 4K pages
clflush size	: 64
cache_alignment	: 64
address sizes	: 48 bits physical, 48 bits virtual
power management: ts ttp tm 100mhzsteps hwpstate cpb eff_freq_ro

processor	: 6
vendor_id	: AuthenticAMD
cpu family	: 21
model		: 2
model name	: AMD FX(tm)-8320 Eight-Core Processor           
stepping	: 0
microcode	: 0x6000822
cpu MHz		: 1400.000
cache size	: 2048 KB
physical id	: 0
siblings	: 8
core id		: 4
cpu cores	: 4
apicid		: 6
initial apicid	: 4
fpu		: yes
fpu_exception	: yes
cpuid level	: 13
wp		: yes
flags		: fpu vme de pse tsc msr pae mce cx8 apic sep mtrr pge mca cmov pat pse36 clflush mmx fxsr sse sse2 ht syscall nx mmxext fxsr_opt pdpe1gb rdtscp lm constant_tsc rep_good nopl nonstop_tsc extd_apicid aperfmperf pni pclmulqdq monitor ssse3 fma cx16 sse4_1 sse4_2 popcnt aes xsave avx f16c lahf_lm cmp_legacy svm extapic cr8_legacy abm sse4a misalignsse 3dnowprefetch osvw ibs xop skinit wdt lwp fma4 tce nodeid_msr tbm topoext perfctr_core perfctr_nb arat cpb hw_pstate npt lbrv svm_lock nrip_save tsc_scale vmcb_clean flushbyasid decodeassists pausefilter pfthreshold bmi1
bogomips	: 7047.27
TLB size	: 1536 4K pages
clflush size	: 64
cache_alignment	: 64
address sizes	: 48 bits physical, 48 bits virtual
power management: ts ttp tm 100mhzsteps hwpstate cpb eff_freq_ro

processor	: 7
vendor_id	: AuthenticAMD
cpu family	: 21
model		: 2
model name	: AMD FX(tm)-8320 Eight-Core Processor           
stepping	: 0
microcode	: 0x6000822
cpu MHz		: 3500.000
cache size	: 2048 KB
physical id	: 0
siblings	: 8
core id		: 5
cpu cores	: 4
apicid		: 7
initial apicid	: 5
fpu		: yes
fpu_exception	: yes
cpuid level	: 13
wp		: yes
flags		: fpu vme de pse tsc msr pae mce cx8 apic sep mtrr pge mca cmov pat pse36 clflush mmx fxsr sse sse2 ht syscall nx mmxext fxsr_opt pdpe1gb rdtscp lm constant_tsc rep_good nopl nonstop_tsc extd_apicid aperfmperf pni pclmulqdq monitor ssse3 fma cx16 sse4_1 sse4_2 popcnt aes xsave avx f16c lahf_lm cmp_legacy svm extapic cr8_legacy abm sse4a misalignsse 3dnowprefetch osvw ibs xop skinit wdt lwp fma4 tce nodeid_msr tbm topoext perfctr_core perfctr_nb arat cpb hw_pstate npt lbrv svm_lock nrip_save tsc_scale vmcb_clean flushbyasid decodeassists pausefilter pfthreshold bmi1
bogomips	: 7047.27
TLB size	: 1536 4K pages
clflush size	: 64
cache_alignment	: 64
address sizes	: 48 bits physical, 48 bits virtual
power management: ts ttp tm 100mhzsteps hwpstate cpb eff_freq_ro



Memory: 4k page, physical 8158360k(134564k free), swap 0k(0k free)

vm_info: Java HotSpot(TM) 64-Bit Server VM (24.80-b11) for linux-amd64 JRE (1.7.0_80-b15), built on Apr 10 2015 19:53:14 by "java_re" with gcc 4.3.0 20080428 (Red Hat 4.3.0-8)

time: Fri May  1 21:12:28 2015
elapsed time: 2 seconds

