#
# There is insufficient memory for the Java Runtime Environment to continue.
# Native memory allocation (malloc) failed to allocate 117964800 bytes for committing reserved memory.
# Possible reasons:
#   The system is out of physical RAM or swap space
#   In 32 bit mode, the process size limit was hit
# Possible solutions:
#   Reduce memory load on the system
#   Increase physical memory or swap space
#   Check if swap backing store is full
#   Use 64 bit Java on a 64 bit OS
#   Decrease Java heap size (-Xmx/-Xms)
#   Decrease number of Java threads
#   Decrease Java thread stack sizes (-Xss)
#   Set larger code cache with -XX:ReservedCodeCacheSize=
# This output file may be truncated or incomplete.
#
#  Out of Memory Error (os_linux.cpp:2756), pid=7695, tid=139663806469888
#
# JRE version: Java(TM) SE Runtime Environment (7.0_80-b15) (build 1.7.0_80-b15)
# Java VM: Java HotSpot(TM) 64-Bit Server VM (24.80-b11 mixed mode linux-amd64 compressed oops)
# Failed to write core dump. Core dumps have been disabled. To enable core dumping, try "ulimit -c unlimited" before starting Java again
#

---------------  T H R E A D  ---------------

Current thread (0x00007f062c072000):  VMThread [stack: 0x00007f0603829000,0x00007f060392a000] [id=7705]

Stack: [0x00007f0603829000,0x00007f060392a000],  sp=0x00007f0603927f50,  free space=1019k
Native frames: (J=compiled Java code, j=interpreted, Vv=VM code, C=native code)
V  [libjvm.so+0x9a320a]  VMError::report_and_die()+0x2ea
V  [libjvm.so+0x498d3b]  report_vm_out_of_memory(char const*, int, unsigned long, char const*)+0x9b
V  [libjvm.so+0x82191e]  os::Linux::commit_memory_impl(char*, unsigned long, bool)+0xfe
V  [libjvm.so+0x821e69]  os::pd_commit_memory(char*, unsigned long, unsigned long, bool)+0x29
V  [libjvm.so+0x81bb6a]  os::commit_memory(char*, unsigned long, unsigned long, bool)+0x2a
V  [libjvm.so+0x88d623]  PSVirtualSpace::expand_by(unsigned long)+0x53
V  [libjvm.so+0x88e9f8]  PSYoungGen::resize_generation(unsigned long, unsigned long)+0xf8
V  [libjvm.so+0x88db62]  PSYoungGen::resize(unsigned long, unsigned long)+0x22
V  [libjvm.so+0x88af1d]  PSScavenge::invoke_no_policy()+0xf3d
V  [libjvm.so+0x88b761]  PSScavenge::invoke()+0x41
V  [libjvm.so+0x843f40]  ParallelScavengeHeap::failed_mem_allocate(unsigned long)+0x70
V  [libjvm.so+0x9a4a97]  VM_ParallelGCFailedAllocation::doit()+0x97
V  [libjvm.so+0x9abf35]  VM_Operation::evaluate()+0x55
V  [libjvm.so+0x9aa2fa]  VMThread::evaluate_operation(VM_Operation*)+0xba
V  [libjvm.so+0x9aa67e]  VMThread::loop()+0x1ce
V  [libjvm.so+0x9aaaf0]  VMThread::run()+0x70
V  [libjvm.so+0x8238c8]  java_start(Thread*)+0x108

VM_Operation (0x00007f0634af8790): ParallelGCFailedAllocation, mode: safepoint, requested by thread 0x00007f062c009800


---------------  P R O C E S S  ---------------

Java Threads: ( => current thread )
  0x00007f062c0a2000 JavaThread "Service Thread" daemon [_thread_blocked, id=7711, stack(0x00007f0602b3c000,0x00007f0602c3d000)]
  0x00007f062c0a0000 JavaThread "C2 CompilerThread1" daemon [_thread_blocked, id=7710, stack(0x00007f0602c3d000,0x00007f0602d3e000)]
  0x00007f062c09d000 JavaThread "C2 CompilerThread0" daemon [_thread_blocked, id=7709, stack(0x00007f0602d3e000,0x00007f0602e3f000)]
  0x00007f062c09a800 JavaThread "Signal Dispatcher" daemon [_thread_blocked, id=7708, stack(0x00007f0602e3f000,0x00007f0602f40000)]
  0x00007f062c078800 JavaThread "Finalizer" daemon [_thread_blocked, id=7707, stack(0x00007f0603627000,0x00007f0603728000)]
  0x00007f062c076800 JavaThread "Reference Handler" daemon [_thread_blocked, id=7706, stack(0x00007f0603728000,0x00007f0603829000)]
  0x00007f062c009800 JavaThread "main" [_thread_blocked, id=7696, stack(0x00007f06349f9000,0x00007f0634afa000)]

Other Threads:
=>0x00007f062c072000 VMThread [stack: 0x00007f0603829000,0x00007f060392a000] [id=7705]
  0x00007f062c0ad000 WatcherThread [stack: 0x00007f0602a3b000,0x00007f0602b3c000] [id=7712]

VM state:at safepoint (normal execution)

VM Mutex/Monitor currently owned by a thread:  ([mutex/lock_event])
[0x00007f062c005fa0] Threads_lock - owner thread: 0x00007f062c072000
[0x00007f062c0064a0] Heap_lock - owner thread: 0x00007f062c009800

Heap
 PSYoungGen      total 236032K, used 107008K [0x00000007d6800000, 0x00000007ec700000, 0x0000000800000000)
  eden space 129024K, 0% used [0x00000007d6800000,0x00000007d6800000,0x00000007de600000)
  from space 107008K, 100% used [0x00000007e5e80000,0x00000007ec700000,0x00000007ec700000)
  to   space 5120K, 0% used [0x00000007de600000,0x00000007de600000,0x00000007deb00000)
 ParOldGen       total 451072K, used 274368K [0x0000000783800000, 0x000000079f080000, 0x00000007d6800000)
  object space 451072K, 60% used [0x0000000783800000,0x00000007943f0108,0x000000079f080000)
 PSPermGen       total 21504K, used 2448K [0x000000077e600000, 0x000000077fb00000, 0x0000000783800000)
  object space 21504K, 11% used [0x000000077e600000,0x000000077e864170,0x000000077fb00000)

Card table byte_map: [0x00007f063188a000,0x00007f0631c98000] byte_map_base: 0x00007f062dc97000

Polling page: 0x00007f0634afd000

Code Cache  [0x00007f0629000000, 0x00007f0629270000, 0x00007f062c000000)
 total_blobs=187 nmethods=9 adapters=133 free_code_cache=48749Kb largest_free_block=49897536

Compilation events (10 events):
Event: 0,091 Thread 0x00007f062c09d000 nmethod 1 0x00007f062905f210 code [0x00007f062905f380, 0x00007f062905f718]
Event: 0,091 Thread 0x00007f062c09d000    6             java.lang.Object::<init> (1 bytes)
Event: 0,091 Thread 0x00007f062c09d000 nmethod 6 0x00007f062905efd0 code [0x00007f062905f100, 0x00007f062905f198]
Event: 0,091 Thread 0x00007f062c09d000    7             ComputationNumber::<init> (78 bytes)
Event: 0,091 Thread 0x00007f062c09d000 nmethod 7 0x00007f062905ed50 code [0x00007f062905ee80, 0x00007f062905ef38]
Event: 0,092 Thread 0x00007f062c09d000    8             MinPQ::insert (72 bytes)
Event: 0,093 Thread 0x00007f062c0a0000 nmethod 5 0x00007f06290630d0 code [0x00007f0629063220, 0x00007f0629063518]
Event: 0,096 Thread 0x00007f062c09d000 nmethod 8 0x00007f0629062790 code [0x00007f0629062920, 0x00007f0629062d08]
Event: 0,100 Thread 0x00007f062c0a0000    9 %           ComputationNumber::main @ 44 (288 bytes)
Event: 0,144 Thread 0x00007f062c0a0000 nmethod 9% 0x00007f0629066b10 code [0x00007f0629066de0, 0x00007f0629068990]

GC Heap History (10 events):
Event: 0,652 GC heap after
Heap after GC invocations=4 (full 1):
 PSYoungGen      total 69632K, used 0K [0x00000007d6800000, 0x00000007df000000, 0x0000000800000000)
  eden space 64512K, 0% used [0x00000007d6800000,0x00000007d6800000,0x00000007da700000)
  from space 5120K, 0% used [0x00000007da700000,0x00000007da700000,0x00000007dac00000)
  to   space 5120K, 0% used [0x00000007deb00000,0x00000007deb00000,0x00000007df000000)
 ParOldGen       total 221184K, used 110900K [0x0000000783800000, 0x0000000791000000, 0x00000007d6800000)
  object space 221184K, 50% used [0x0000000783800000,0x000000078a44d018,0x0000000791000000)
 PSPermGen       total 21504K, used 2448K [0x000000077e600000, 0x000000077fb00000, 0x0000000783800000)
  object space 21504K, 11% used [0x000000077e600000,0x000000077e864170,0x000000077fb00000)
}
Event: 0,697 GC heap before
{Heap before GC invocations=5 (full 1):
 PSYoungGen      total 69632K, used 64512K [0x00000007d6800000, 0x00000007df000000, 0x0000000800000000)
  eden space 64512K, 100% used [0x00000007d6800000,0x00000007da700000,0x00000007da700000)
  from space 5120K, 0% used [0x00000007da700000,0x00000007da700000,0x00000007dac00000)
  to   space 5120K, 0% used [0x00000007deb00000,0x00000007deb00000,0x00000007df000000)
 ParOldGen       total 221184K, used 110900K [0x0000000783800000, 0x0000000791000000, 0x00000007d6800000)
  object space 221184K, 50% used [0x0000000783800000,0x000000078a44d018,0x0000000791000000)
 PSPermGen       total 21504K, used 2448K [0x000000077e600000, 0x000000077fb00000, 0x0000000783800000)
  object space 21504K, 11% used [0x000000077e600000,0x000000077e864170,0x000000077fb00000)
Event: 0,987 GC heap after
Heap after GC invocations=5 (full 1):
 PSYoungGen      total 102400K, used 5120K [0x00000007d6800000, 0x00000007df000000, 0x0000000800000000)
  eden space 97280K, 0% used [0x00000007d6800000,0x00000007d6800000,0x00000007dc700000)
  from space 5120K, 100% used [0x00000007deb00000,0x00000007df000000,0x00000007df000000)
  to   space 5120K, 0% used [0x00000007de600000,0x00000007de600000,0x00000007deb00000)
 ParOldGen       total 221184K, used 170516K [0x0000000783800000, 0x0000000791000000, 0x00000007d6800000)
  object space 221184K, 77% used [0x0000000783800000,0x000000078de85028,0x0000000791000000)
 PSPermGen       total 21504K, used 2448K [0x000000077e600000, 0x000000077fb00000, 0x0000000783800000)
  object space 21504K, 11% used [0x000000077e600000,0x000000077e864170,0x000000077fb00000)
}
Event: 0,987 GC heap before
{Heap before GC invocations=6 (full 2):
 PSYoungGen      total 102400K, used 5120K [0x00000007d6800000, 0x00000007df000000, 0x0000000800000000)
  eden space 97280K, 0% used [0x00000007d6800000,0x00000007d6800000,0x00000007dc700000)
  from space 5120K, 100% used [0x00000007deb00000,0x00000007df000000,0x00000007df000000)
  to   space 5120K, 0% used [0x00000007de600000,0x00000007de600000,0x00000007deb00000)
 ParOldGen       total 221184K, used 170516K [0x0000000783800000, 0x0000000791000000, 0x00000007d6800000)
  object space 221184K, 77% used [0x0000000783800000,0x000000078de85028,0x0000000791000000)
 PSPermGen       total 21504K, used 2448K [0x000000077e600000, 0x000000077fb00000, 0x0000000783800000)
  object space 21504K, 11% used [0x000000077e600000,0x000000077e864170,0x000000077fb00000)
Event: 1,343 GC heap after
Heap after GC invocations=6 (full 2):
 PSYoungGen      total 102400K, used 0K [0x00000007d6800000, 0x00000007df000000, 0x0000000800000000)
  eden space 97280K, 0% used [0x00000007d6800000,0x00000007d6800000,0x00000007dc700000)
  from space 5120K, 0% used [0x00000007deb00000,0x00000007deb00000,0x00000007df000000)
  to   space 5120K, 0% used [0x00000007de600000,0x00000007de600000,0x00000007deb00000)
 ParOldGen       total 318464K, used 171314K [0x0000000783800000, 0x0000000796f00000, 0x00000007d6800000)
  object space 318464K, 53% used [0x0000000783800000,0x000000078df4ca68,0x0000000796f00000)
 PSPermGen       total 21504K, used 2448K [0x000000077e600000, 0x000000077fb00000, 0x0000000783800000)
  object space 21504K, 11% used [0x000000077e600000,0x000000077e864170,0x000000077fb00000)
}
Event: 1,406 GC heap before
{Heap before GC invocations=7 (full 2):
 PSYoungGen      total 102400K, used 97280K [0x00000007d6800000, 0x00000007df000000, 0x0000000800000000)
  eden space 97280K, 100% used [0x00000007d6800000,0x00000007dc700000,0x00000007dc700000)
  from space 5120K, 0% used [0x00000007deb00000,0x00000007deb00000,0x00000007df000000)
  to   space 5120K, 0% used [0x00000007de600000,0x00000007de600000,0x00000007deb00000)
 ParOldGen       total 318464K, used 171314K [0x0000000783800000, 0x0000000796f00000, 0x00000007d6800000)
  object space 318464K, 53% used [0x0000000783800000,0x000000078df4ca68,0x0000000796f00000)
 PSPermGen       total 21504K, used 2448K [0x000000077e600000, 0x000000077fb00000, 0x0000000783800000)
  object space 21504K, 11% used [0x000000077e600000,0x000000077e864170,0x000000077fb00000)
Event: 1,734 GC heap after
Heap after GC invocations=7 (full 2):
 PSYoungGen      total 134144K, used 5120K [0x00000007d6800000, 0x00000007ec700000, 0x0000000800000000)
  eden space 129024K, 0% used [0x00000007d6800000,0x00000007d6800000,0x00000007de600000)
  from space 5120K, 100% used [0x00000007de600000,0x00000007deb00000,0x00000007deb00000)
  to   space 107008K, 0% used [0x00000007e5e80000,0x00000007e5e80000,0x00000007ec700000)
 ParOldGen       total 318464K, used 263738K [0x0000000783800000, 0x0000000796f00000, 0x00000007d6800000)
  object space 318464K, 82% used [0x0000000783800000,0x000000079398ea88,0x0000000796f00000)
 PSPermGen       total 21504K, used 2448K [0x000000077e600000, 0x000000077fb00000, 0x0000000783800000)
  object space 21504K, 11% used [0x000000077e600000,0x000000077e864170,0x000000077fb00000)
}
Event: 1,734 GC heap before
{Heap before GC invocations=8 (full 3):
 PSYoungGen      total 134144K, used 5120K [0x00000007d6800000, 0x00000007ec700000, 0x0000000800000000)
  eden space 129024K, 0% used [0x00000007d6800000,0x00000007d6800000,0x00000007de600000)
  from space 5120K, 100% used [0x00000007de600000,0x00000007deb00000,0x00000007deb00000)
  to   space 107008K, 0% used [0x00000007e5e80000,0x00000007e5e80000,0x00000007ec700000)
 ParOldGen       total 318464K, used 263738K [0x0000000783800000, 0x0000000796f00000, 0x00000007d6800000)
  object space 318464K, 82% used [0x0000000783800000,0x000000079398ea88,0x0000000796f00000)
 PSPermGen       total 21504K, used 2448K [0x000000077e600000, 0x000000077fb00000, 0x0000000783800000)
  object space 21504K, 11% used [0x000000077e600000,0x000000077e864170,0x000000077fb00000)
Event: 2,404 GC heap after
Heap after GC invocations=8 (full 3):
 PSYoungGen      total 134144K, used 0K [0x00000007d6800000, 0x00000007ec700000, 0x0000000800000000)
  eden space 129024K, 0% used [0x00000007d6800000,0x00000007d6800000,0x00000007de600000)
  from space 5120K, 0% used [0x00000007de600000,0x00000007de600000,0x00000007deb00000)
  to   space 107008K, 0% used [0x00000007e5e80000,0x00000007e5e80000,0x00000007ec700000)
 ParOldGen       total 451072K, used 252120K [0x0000000783800000, 0x000000079f080000, 0x00000007d6800000)
  object space 451072K, 55% used [0x0000000783800000,0x0000000792e36108,0x000000079f080000)
 PSPermGen       total 21504K, used 2448K [0x000000077e600000, 0x000000077fb00000, 0x0000000783800000)
  object space 21504K, 11% used [0x000000077e600000,0x000000077e864170,0x000000077fb00000)
}
Event: 2,513 GC heap before
{Heap before GC invocations=9 (full 3):
 PSYoungGen      total 134144K, used 129024K [0x00000007d6800000, 0x00000007ec700000, 0x0000000800000000)
  eden space 129024K, 100% used [0x00000007d6800000,0x00000007de600000,0x00000007de600000)
  from space 5120K, 0% used [0x00000007de600000,0x00000007de600000,0x00000007deb00000)
  to   space 107008K, 0% used [0x00000007e5e80000,0x00000007e5e80000,0x00000007ec700000)
 ParOldGen       total 451072K, used 252120K [0x0000000783800000, 0x000000079f080000, 0x00000007d6800000)
  object space 451072K, 55% used [0x0000000783800000,0x0000000792e36108,0x000000079f080000)
 PSPermGen       total 21504K, used 2448K [0x000000077e600000, 0x000000077fb00000, 0x0000000783800000)
  object space 21504K, 11% used [0x000000077e600000,0x000000077e864170,0x000000077fb00000)

Deoptimization events (3 events):
Event: 0,086 Thread 0x00007f062c009800 Uncommon trap: reason=unstable_if action=reinterpret pc=0x00007f0629060238 method=ComputationNumber.compareTo(LComputationNumber;)I @ 47
Event: 0,092 Thread 0x00007f062c009800 Uncommon trap: reason=unstable_if action=reinterpret pc=0x00007f062905f65c method=ComputationNumber.compareTo(LComputationNumber;)I @ 47
Event: 0,094 Thread 0x00007f062c009800 Uncommon trap: reason=unstable_if action=reinterpret pc=0x00007f062905fe34 method=ComputationNumber.compareTo(LComputationNumber;)I @ 47

Internal exceptions (4 events):
Event: 0,028 Thread 0x00007f062c009800 Threw 0x00000007d680f180 at /HUDSON/workspace/7u-2-build-linux-amd64/jdk7u80/2329/hotspot/src/share/vm/prims/jni.cpp:3991
Event: 0,051 Thread 0x00007f062c009800 Threw 0x00000007d6847500 at /HUDSON/workspace/7u-2-build-linux-amd64/jdk7u80/2329/hotspot/src/share/vm/prims/jvm.cpp:1319
Event: 0,054 Thread 0x00007f062c009800 Threw 0x00000007d684da70 at /HUDSON/workspace/7u-2-build-linux-amd64/jdk7u80/2329/hotspot/src/share/vm/prims/jvm.cpp:1319
Event: 0,056 Thread 0x00007f062c009800 Threw 0x00000007d68522a0 at /HUDSON/workspace/7u-2-build-linux-amd64/jdk7u80/2329/hotspot/src/share/vm/prims/jvm.cpp:1319

Events (10 events):
Event: 0,179 Executing VM operation: ParallelGCFailedAllocation done
Event: 0,194 Executing VM operation: ParallelGCFailedAllocation
Event: 0,227 Executing VM operation: ParallelGCFailedAllocation done
Event: 0,269 Executing VM operation: ParallelGCFailedAllocation
Event: 0,652 Executing VM operation: ParallelGCFailedAllocation done
Event: 0,697 Executing VM operation: ParallelGCFailedAllocation
Event: 1,343 Executing VM operation: ParallelGCFailedAllocation done
Event: 1,406 Executing VM operation: ParallelGCFailedAllocation
Event: 2,404 Executing VM operation: ParallelGCFailedAllocation done
Event: 2,513 Executing VM operation: ParallelGCFailedAllocation


Dynamic libraries:
00400000-00401000 r-xp 00000000 08:15 804007                             /usr/lib/jvm/java-7-oracle/jre/bin/java
00600000-00601000 rw-p 00000000 08:15 804007                             /usr/lib/jvm/java-7-oracle/jre/bin/java
0249e000-024bf000 rw-p 00000000 00:00 0                                  [heap]
77e600000-77fb00000 rw-p 00000000 00:00 0 
77fb00000-783800000 rw-p 00000000 00:00 0 
783800000-79f080000 rw-p 00000000 00:00 0 
79f080000-7d6800000 rw-p 00000000 00:00 0 
7d6800000-7ec700000 rw-p 00000000 00:00 0 
7f3780000-800000000 rw-p 00000000 00:00 0 
7f05dc000000-7f05dc021000 rw-p 00000000 00:00 0 
7f05dc021000-7f05e0000000 ---p 00000000 00:00 0 
7f05e4000000-7f05e4343000 rw-p 00000000 00:00 0 
7f05e4343000-7f05e8000000 ---p 00000000 00:00 0 
7f05e8000000-7f05e8021000 rw-p 00000000 00:00 0 
7f05e8021000-7f05ec000000 ---p 00000000 00:00 0 
7f05ec000000-7f05ec021000 rw-p 00000000 00:00 0 
7f05ec021000-7f05f0000000 ---p 00000000 00:00 0 
7f05f0000000-7f05f00d5000 rw-p 00000000 00:00 0 
7f05f00d5000-7f05f4000000 ---p 00000000 00:00 0 
7f05f4000000-7f05f4021000 rw-p 00000000 00:00 0 
7f05f4021000-7f05f8000000 ---p 00000000 00:00 0 
7f05f8000000-7f05f8021000 rw-p 00000000 00:00 0 
7f05f8021000-7f05fc000000 ---p 00000000 00:00 0 
7f05fc000000-7f05fc021000 rw-p 00000000 00:00 0 
7f05fc021000-7f0600000000 ---p 00000000 00:00 0 
7f06027f2000-7f0602a3b000 rw-p 00000000 00:00 0 
7f0602a3b000-7f0602a3c000 ---p 00000000 00:00 0 
7f0602a3c000-7f0602b3c000 rw-p 00000000 00:00 0                          [stack:7712]
7f0602b3c000-7f0602b3f000 ---p 00000000 00:00 0 
7f0602b3f000-7f0602c3d000 rw-p 00000000 00:00 0                          [stack:7711]
7f0602c3d000-7f0602c40000 ---p 00000000 00:00 0 
7f0602c40000-7f0602d3e000 rw-p 00000000 00:00 0                          [stack:7710]
7f0602d3e000-7f0602d41000 ---p 00000000 00:00 0 
7f0602d41000-7f0602e3f000 rw-p 00000000 00:00 0                          [stack:7709]
7f0602e3f000-7f0602e42000 ---p 00000000 00:00 0 
7f0602e42000-7f0602f40000 rw-p 00000000 00:00 0                          [stack:7708]
7f0602f40000-7f0603623000 r--p 00000000 08:15 794290                     /usr/lib/locale/locale-archive
7f0603627000-7f060362a000 ---p 00000000 00:00 0 
7f060362a000-7f0603728000 rw-p 00000000 00:00 0                          [stack:7707]
7f0603728000-7f060372b000 ---p 00000000 00:00 0 
7f060372b000-7f0603829000 rw-p 00000000 00:00 0                          [stack:7706]
7f0603829000-7f060382a000 ---p 00000000 00:00 0 
7f060382a000-7f0608000000 rw-p 00000000 00:00 0                          [stack:7705]
7f0608000000-7f06081ae000 rw-p 00000000 00:00 0 
7f06081ae000-7f060c000000 ---p 00000000 00:00 0 
7f060c000000-7f060c021000 rw-p 00000000 00:00 0 
7f060c021000-7f0610000000 ---p 00000000 00:00 0 
7f0610000000-7f0610021000 rw-p 00000000 00:00 0 
7f0610021000-7f0614000000 ---p 00000000 00:00 0 
7f0614000000-7f0614021000 rw-p 00000000 00:00 0 
7f0614021000-7f0618000000 ---p 00000000 00:00 0 
7f0618000000-7f0618021000 rw-p 00000000 00:00 0 
7f0618021000-7f061c000000 ---p 00000000 00:00 0 
7f061c000000-7f061c2aa000 rw-p 00000000 00:00 0 
7f061c2aa000-7f0620000000 ---p 00000000 00:00 0 
7f0620000000-7f062018e000 rw-p 00000000 00:00 0 
7f062018e000-7f0624000000 ---p 00000000 00:00 0 
7f0624000000-7f0624660000 rw-p 00000000 00:00 0 
7f0624660000-7f0628000000 ---p 00000000 00:00 0 
7f062806d000-7f0629000000 rw-p 00000000 00:00 0 
7f0629000000-7f0629270000 rwxp 00000000 00:00 0 
7f0629270000-7f062c0c0000 rw-p 00000000 00:00 0 
7f062c0c0000-7f0630000000 ---p 00000000 00:00 0 
7f0630005000-7f06306fb000 rw-p 00000000 00:00 0 
7f06306fb000-7f06308bb000 r--s 039fb000 08:15 804021                     /usr/lib/jvm/java-7-oracle/jre/lib/rt.jar
7f06308bb000-7f0630dea000 rw-p 00000000 00:00 0 
7f0630dea000-7f0630deb000 ---p 00000000 00:00 0 
7f0630deb000-7f0630eeb000 rw-p 00000000 00:00 0                          [stack:7704]
7f0630eeb000-7f0630eec000 ---p 00000000 00:00 0 
7f0630eec000-7f0630fec000 rw-p 00000000 00:00 0                          [stack:7703]
7f0630fec000-7f0630fed000 ---p 00000000 00:00 0 
7f0630fed000-7f06310ed000 rw-p 00000000 00:00 0                          [stack:7702]
7f06310ed000-7f06310ee000 ---p 00000000 00:00 0 
7f06310ee000-7f06311ee000 rw-p 00000000 00:00 0                          [stack:7701]
7f06311ee000-7f06311ef000 ---p 00000000 00:00 0 
7f06311ef000-7f06312ef000 rw-p 00000000 00:00 0                          [stack:7700]
7f06312ef000-7f06312f0000 ---p 00000000 00:00 0 
7f06312f0000-7f06313f0000 rw-p 00000000 00:00 0                          [stack:7699]
7f06313f0000-7f06313f1000 ---p 00000000 00:00 0 
7f06313f1000-7f06314f1000 rw-p 00000000 00:00 0                          [stack:7698]
7f06314f1000-7f06314f2000 ---p 00000000 00:00 0 
7f06314f2000-7f06316cf000 rw-p 00000000 00:00 0                          [stack:7697]
7f06316cf000-7f063188a000 rw-p 00000000 00:00 0 
7f063188a000-7f0631895000 rw-p 00000000 00:00 0 
7f0631895000-7f06318b3000 rw-p 00000000 00:00 0 
7f06318b3000-7f0631990000 rw-p 00000000 00:00 0 
7f0631990000-7f0631b4b000 rw-p 00000000 00:00 0 
7f0631b4b000-7f0631bfb000 rw-p 00000000 00:00 0 
7f0631bfb000-7f0631c97000 rw-p 00000000 00:00 0 
7f0631c97000-7f0631c98000 rw-p 00000000 00:00 0 
7f0631c98000-7f0631caf000 r-xp 00000000 08:15 931410                     /usr/lib/jvm/java-7-oracle/jre/lib/amd64/libzip.so
7f0631caf000-7f0631eaf000 ---p 00017000 08:15 931410                     /usr/lib/jvm/java-7-oracle/jre/lib/amd64/libzip.so
7f0631eaf000-7f0631eb0000 rw-p 00017000 08:15 931410                     /usr/lib/jvm/java-7-oracle/jre/lib/amd64/libzip.so
7f0631eb0000-7f0631ebc000 r-xp 00000000 08:15 1576962                    /lib/x86_64-linux-gnu/libnss_files-2.17.so
7f0631ebc000-7f06320bb000 ---p 0000c000 08:15 1576962                    /lib/x86_64-linux-gnu/libnss_files-2.17.so
7f06320bb000-7f06320bc000 r--p 0000b000 08:15 1576962                    /lib/x86_64-linux-gnu/libnss_files-2.17.so
7f06320bc000-7f06320bd000 rw-p 0000c000 08:15 1576962                    /lib/x86_64-linux-gnu/libnss_files-2.17.so
7f06320c0000-7f06320cb000 r-xp 00000000 08:15 1576966                    /lib/x86_64-linux-gnu/libnss_nis-2.17.so
7f06320cb000-7f06322ca000 ---p 0000b000 08:15 1576966                    /lib/x86_64-linux-gnu/libnss_nis-2.17.so
7f06322ca000-7f06322cb000 r--p 0000a000 08:15 1576966                    /lib/x86_64-linux-gnu/libnss_nis-2.17.so
7f06322cb000-7f06322cc000 rw-p 0000b000 08:15 1576966                    /lib/x86_64-linux-gnu/libnss_nis-2.17.so
7f06322d0000-7f06322e7000 r-xp 00000000 08:15 1576956                    /lib/x86_64-linux-gnu/libnsl-2.17.so
7f06322e7000-7f06324e6000 ---p 00017000 08:15 1576956                    /lib/x86_64-linux-gnu/libnsl-2.17.so
7f06324e6000-7f06324e7000 r--p 00016000 08:15 1576956                    /lib/x86_64-linux-gnu/libnsl-2.17.so
7f06324e7000-7f06324e8000 rw-p 00017000 08:15 1576956                    /lib/x86_64-linux-gnu/libnsl-2.17.so
7f06324e8000-7f06324ea000 rw-p 00000000 00:00 0 
7f06324f0000-7f06324f8000 r-xp 00000000 08:15 1576958                    /lib/x86_64-linux-gnu/libnss_compat-2.17.so
7f06324f8000-7f06326f7000 ---p 00008000 08:15 1576958                    /lib/x86_64-linux-gnu/libnss_compat-2.17.so
7f06326f7000-7f06326f8000 r--p 00007000 08:15 1576958                    /lib/x86_64-linux-gnu/libnss_compat-2.17.so
7f06326f8000-7f06326f9000 rw-p 00008000 08:15 1576958                    /lib/x86_64-linux-gnu/libnss_compat-2.17.so
7f0632700000-7f0632729000 r-xp 00000000 08:15 931433                     /usr/lib/jvm/java-7-oracle/jre/lib/amd64/libjava.so
7f0632729000-7f0632929000 ---p 00029000 08:15 931433                     /usr/lib/jvm/java-7-oracle/jre/lib/amd64/libjava.so
7f0632929000-7f063292b000 rw-p 00029000 08:15 931433                     /usr/lib/jvm/java-7-oracle/jre/lib/amd64/libjava.so
7f0632930000-7f063293d000 r-xp 00000000 08:15 931436                     /usr/lib/jvm/java-7-oracle/jre/lib/amd64/libverify.so
7f063293d000-7f0632b3c000 ---p 0000d000 08:15 931436                     /usr/lib/jvm/java-7-oracle/jre/lib/amd64/libverify.so
7f0632b3c000-7f0632b3e000 rw-p 0000c000 08:15 931436                     /usr/lib/jvm/java-7-oracle/jre/lib/amd64/libverify.so
7f0632b40000-7f0632b47000 r-xp 00000000 08:15 1577009                    /lib/x86_64-linux-gnu/librt-2.17.so
7f0632b47000-7f0632d46000 ---p 00007000 08:15 1577009                    /lib/x86_64-linux-gnu/librt-2.17.so
7f0632d46000-7f0632d47000 r--p 00006000 08:15 1577009                    /lib/x86_64-linux-gnu/librt-2.17.so
7f0632d47000-7f0632d48000 rw-p 00007000 08:15 1577009                    /lib/x86_64-linux-gnu/librt-2.17.so
7f0632d48000-7f0632e4b000 r-xp 00000000 08:15 1576937                    /lib/x86_64-linux-gnu/libm-2.17.so
7f0632e4b000-7f063304a000 ---p 00103000 08:15 1576937                    /lib/x86_64-linux-gnu/libm-2.17.so
7f063304a000-7f063304b000 r--p 00102000 08:15 1576937                    /lib/x86_64-linux-gnu/libm-2.17.so
7f063304b000-7f063304c000 rw-p 00103000 08:15 1576937                    /lib/x86_64-linux-gnu/libm-2.17.so
7f0633050000-7f0633bc6000 r-xp 00000000 08:15 1453927                    /usr/lib/jvm/java-7-oracle/jre/lib/amd64/server/libjvm.so
7f0633bc6000-7f0633dc5000 ---p 00b76000 08:15 1453927                    /usr/lib/jvm/java-7-oracle/jre/lib/amd64/server/libjvm.so
7f0633dc5000-7f0633e89000 rw-p 00b75000 08:15 1453927                    /usr/lib/jvm/java-7-oracle/jre/lib/amd64/server/libjvm.so
7f0633e89000-7f0633eca000 rw-p 00000000 00:00 0 
7f0633ed0000-7f063408d000 r-xp 00000000 08:15 1576886                    /lib/x86_64-linux-gnu/libc-2.17.so
7f063408d000-7f063428d000 ---p 001bd000 08:15 1576886                    /lib/x86_64-linux-gnu/libc-2.17.so
7f063428d000-7f0634291000 r--p 001bd000 08:15 1576886                    /lib/x86_64-linux-gnu/libc-2.17.so
7f0634291000-7f0634293000 rw-p 001c1000 08:15 1576886                    /lib/x86_64-linux-gnu/libc-2.17.so
7f0634293000-7f0634298000 rw-p 00000000 00:00 0 
7f0634298000-7f063429b000 r-xp 00000000 08:15 1576901                    /lib/x86_64-linux-gnu/libdl-2.17.so
7f063429b000-7f063449a000 ---p 00003000 08:15 1576901                    /lib/x86_64-linux-gnu/libdl-2.17.so
7f063449a000-7f063449b000 r--p 00002000 08:15 1576901                    /lib/x86_64-linux-gnu/libdl-2.17.so
7f063449b000-7f063449c000 rw-p 00003000 08:15 1576901                    /lib/x86_64-linux-gnu/libdl-2.17.so
7f06344a0000-7f06344b5000 r-xp 00000000 08:15 1587883                    /usr/lib/jvm/java-7-oracle/jre/lib/amd64/jli/libjli.so
7f06344b5000-7f06346b4000 ---p 00015000 08:15 1587883                    /usr/lib/jvm/java-7-oracle/jre/lib/amd64/jli/libjli.so
7f06346b4000-7f06346b5000 rw-p 00014000 08:15 1587883                    /usr/lib/jvm/java-7-oracle/jre/lib/amd64/jli/libjli.so
7f06346b8000-7f06346cf000 r-xp 00000000 08:15 1577001                    /lib/x86_64-linux-gnu/libpthread-2.17.so
7f06346cf000-7f06348cf000 ---p 00017000 08:15 1577001                    /lib/x86_64-linux-gnu/libpthread-2.17.so
7f06348cf000-7f06348d0000 r--p 00017000 08:15 1577001                    /lib/x86_64-linux-gnu/libpthread-2.17.so
7f06348d0000-7f06348d1000 rw-p 00018000 08:15 1577001                    /lib/x86_64-linux-gnu/libpthread-2.17.so
7f06348d1000-7f06348d5000 rw-p 00000000 00:00 0 
7f06348d8000-7f06348fb000 r-xp 00000000 08:15 1576862                    /lib/x86_64-linux-gnu/ld-2.17.so
7f0634906000-7f0634912000 rw-p 00000000 00:00 0 
7f0634912000-7f0634930000 rw-p 00000000 00:00 0 
7f0634930000-7f063493a000 rw-p 00000000 00:00 0 
7f063493a000-7f06349f0000 rw-p 00000000 00:00 0 
7f06349f0000-7f06349f8000 rw-s 00000000 08:15 2760361                    /tmp/hsperfdata_commander/7695
7f06349f8000-7f06349f9000 rw-p 00000000 00:00 0 
7f06349f9000-7f06349fc000 ---p 00000000 00:00 0 
7f06349fc000-7f0634afa000 rw-p 00000000 00:00 0                          [stack:7696]
7f0634afa000-7f0634afb000 r--p 00022000 08:15 1576862                    /lib/x86_64-linux-gnu/ld-2.17.so
7f0634afb000-7f0634afd000 rw-p 00023000 08:15 1576862                    /lib/x86_64-linux-gnu/ld-2.17.so
7f0634afd000-7f0634afe000 ---p 00000000 00:00 0 
7f0634afe000-7f0634b04000 rw-p 00000000 00:00 0 
7fff8d4c4000-7fff8d4e5000 rw-p 00000000 00:00 0                          [stack]
7fff8d600000-7fff8d602000 r-xp 00000000 00:00 0                          [vdso]
ffffffffff600000-ffffffffff601000 r-xp 00000000 00:00 0                  [vsyscall]

VM Arguments:
jvm_args: -XX:-UseGCOverheadLimit 
java_command: ComputationNumber 5000
Launcher Type: SUN_STANDARD

Environment Variables:
CLASSPATH=.:/home/commander/introcs/stdlib.jar
PATH=.:/home/commander/bin:.:/home/commander/bin/script:.:/home/commander/introcs/bin:.:/home/commander/algs4/bin:/home/commander/bin:/usr/lib/lightdm/lightdm:/usr/local/sbin:/usr/local/bin:/usr/sbin:/usr/bin:/sbin:/bin:/usr/games:/usr/local/games
LD_LIBRARY_PATH=/usr/lib32
SHELL=/bin/bash
DISPLAY=:0.0

Signal Handlers:
SIGSEGV: [libjvm.so+0x9a3b20], sa_mask[0]=0x7ffbfeff, sa_flags=0x10000004
SIGBUS: [libjvm.so+0x9a3b20], sa_mask[0]=0x7ffbfeff, sa_flags=0x10000004
SIGFPE: [libjvm.so+0x81e740], sa_mask[0]=0x7ffbfeff, sa_flags=0x10000004
SIGPIPE: [libjvm.so+0x81e740], sa_mask[0]=0x7ffbfeff, sa_flags=0x10000004
SIGXFSZ: [libjvm.so+0x81e740], sa_mask[0]=0x7ffbfeff, sa_flags=0x10000004
SIGILL: [libjvm.so+0x81e740], sa_mask[0]=0x7ffbfeff, sa_flags=0x10000004
SIGUSR1: SIG_DFL, sa_mask[0]=0x00000000, sa_flags=0x00000000
SIGUSR2: [libjvm.so+0x81ffb0], sa_mask[0]=0x00000000, sa_flags=0x10000004
SIGHUP: [libjvm.so+0x8210d0], sa_mask[0]=0x7ffbfeff, sa_flags=0x10000004
SIGINT: [libjvm.so+0x8210d0], sa_mask[0]=0x7ffbfeff, sa_flags=0x10000004
SIGTERM: [libjvm.so+0x8210d0], sa_mask[0]=0x7ffbfeff, sa_flags=0x10000004
SIGQUIT: [libjvm.so+0x8210d0], sa_mask[0]=0x7ffbfeff, sa_flags=0x10000004


---------------  S Y S T E M  ---------------

OS:wheezy/sid

uname:Linux 3.11.0-26-generic #45-Ubuntu SMP Tue Jul 15 04:02:06 UTC 2014 x86_64
libc:glibc 2.17 NPTL 2.17 
rlimit: STACK 8192k, CORE 0k, NPROC 63017, NOFILE 4096, AS infinity
load average:3,49 3,63 3,22

/proc/meminfo:
MemTotal:        8158360 kB
MemFree:          146188 kB
Buffers:             736 kB
Cached:           116260 kB
SwapCached:            0 kB
Active:          7486020 kB
Inactive:          85668 kB
Active(anon):    7457380 kB
Inactive(anon):    53152 kB
Active(file):      28640 kB
Inactive(file):    32516 kB
Unevictable:          48 kB
Mlocked:              48 kB
SwapTotal:             0 kB
SwapFree:              0 kB
Dirty:               188 kB
Writeback:             0 kB
AnonPages:       7456604 kB
Mapped:           263916 kB
Shmem:             54516 kB
Slab:              79808 kB
SReclaimable:      33072 kB
SUnreclaim:        46736 kB
KernelStack:        5528 kB
PageTables:        55032 kB
NFS_Unstable:          0 kB
Bounce:                0 kB
WritebackTmp:          0 kB
CommitLimit:     4079180 kB
Committed_AS:   13133536 kB
VmallocTotal:   34359738367 kB
VmallocUsed:      315688 kB
VmallocChunk:   34359420156 kB
HardwareCorrupted:     0 kB
AnonHugePages:         0 kB
HugePages_Total:       0
HugePages_Free:        0
HugePages_Rsvd:        0
HugePages_Surp:        0
Hugepagesize:       2048 kB
DirectMap4k:      120448 kB
DirectMap2M:     3006464 kB
DirectMap1G:     5242880 kB


CPU:total 8 (8 cores per cpu, 1 threads per core) family 21 model 2 stepping 0, cmov, cx8, fxsr, mmx, sse, sse2, sse3, ssse3, sse4.1, sse4.2, popcnt, avx, aes, mmxext, 3dnowpref, lzcnt, sse4a, tsc, tscinvbit, tscinv

/proc/cpuinfo:
processor	: 0
vendor_id	: AuthenticAMD
cpu family	: 21
model		: 2
model name	: AMD FX(tm)-8320 Eight-Core Processor
stepping	: 0
microcode	: 0x6000822
cpu MHz		: 1400.000
cache size	: 2048 KB
physical id	: 0
siblings	: 8
core id		: 0
cpu cores	: 4
apicid		: 0
initial apicid	: 0
fpu		: yes
fpu_exception	: yes
cpuid level	: 13
wp		: yes
flags		: fpu vme de pse tsc msr pae mce cx8 apic sep mtrr pge mca cmov pat pse36 clflush mmx fxsr sse sse2 ht syscall nx mmxext fxsr_opt pdpe1gb rdtscp lm constant_tsc rep_good nopl nonstop_tsc extd_apicid aperfmperf pni pclmulqdq monitor ssse3 fma cx16 sse4_1 sse4_2 popcnt aes xsave avx f16c lahf_lm cmp_legacy svm extapic cr8_legacy abm sse4a misalignsse 3dnowprefetch osvw ibs xop skinit wdt lwp fma4 tce nodeid_msr tbm topoext perfctr_core perfctr_nb arat cpb hw_pstate npt lbrv svm_lock nrip_save tsc_scale vmcb_clean flushbyasid decodeassists pausefilter pfthreshold bmi1
bogomips	: 7047.27
TLB size	: 1536 4K pages
clflush size	: 64
cache_alignment	: 64
address sizes	: 48 bits physical, 48 bits virtual
power management: ts ttp tm 100mhzsteps hwpstate cpb eff_freq_ro

processor	: 1
vendor_id	: AuthenticAMD
cpu family	: 21
model		: 2
model name	: AMD FX(tm)-8320 Eight-Core Processor           
stepping	: 0
microcode	: 0x6000822
cpu MHz		: 1400.000
cache size	: 2048 KB
physical id	: 0
siblings	: 8
core id		: 3
cpu cores	: 4
apicid		: 1
initial apicid	: 3
fpu		: yes
fpu_exception	: yes
cpuid level	: 13
wp		: yes
flags		: fpu vme de pse tsc msr pae mce cx8 apic sep mtrr pge mca cmov pat pse36 clflush mmx fxsr sse sse2 ht syscall nx mmxext fxsr_opt pdpe1gb rdtscp lm constant_tsc rep_good nopl nonstop_tsc extd_apicid aperfmperf pni pclmulqdq monitor ssse3 fma cx16 sse4_1 sse4_2 popcnt aes xsave avx f16c lahf_lm cmp_legacy svm extapic cr8_legacy abm sse4a misalignsse 3dnowprefetch osvw ibs xop skinit wdt lwp fma4 tce nodeid_msr tbm topoext perfctr_core perfctr_nb arat cpb hw_pstate npt lbrv svm_lock nrip_save tsc_scale vmcb_clean flushbyasid decodeassists pausefilter pfthreshold bmi1
bogomips	: 7047.27
TLB size	: 1536 4K pages
clflush size	: 64
cache_alignment	: 64
address sizes	: 48 bits physical, 48 bits virtual
power management: ts ttp tm 100mhzsteps hwpstate cpb eff_freq_ro

processor	: 2
vendor_id	: AuthenticAMD
cpu family	: 21
model		: 2
model name	: AMD FX(tm)-8320 Eight-Core Processor           
stepping	: 0
microcode	: 0x6000822
cpu MHz		: 3500.000
cache size	: 2048 KB
physical id	: 0
siblings	: 8
core id		: 1
cpu cores	: 4
apicid		: 2
initial apicid	: 1
fpu		: yes
fpu_exception	: yes
cpuid level	: 13
wp		: yes
flags		: fpu vme de pse tsc msr pae mce cx8 apic sep mtrr pge mca cmov pat pse36 clflush mmx fxsr sse sse2 ht syscall nx mmxext fxsr_opt pdpe1gb rdtscp lm constant_tsc rep_good nopl nonstop_tsc extd_apicid aperfmperf pni pclmulqdq monitor ssse3 fma cx16 sse4_1 sse4_2 popcnt aes xsave avx f16c lahf_lm cmp_legacy svm extapic cr8_legacy abm sse4a misalignsse 3dnowprefetch osvw ibs xop skinit wdt lwp fma4 tce nodeid_msr tbm topoext perfctr_core perfctr_nb arat cpb hw_pstate npt lbrv svm_lock nrip_save tsc_scale vmcb_clean flushbyasid decodeassists pausefilter pfthreshold bmi1
bogomips	: 7047.27
TLB size	: 1536 4K pages
clflush size	: 64
cache_alignment	: 64
address sizes	: 48 bits physical, 48 bits virtual
power management: ts ttp tm 100mhzsteps hwpstate cpb eff_freq_ro

processor	: 3
vendor_id	: AuthenticAMD
cpu family	: 21
model		: 2
model name	: AMD FX(tm)-8320 Eight-Core Processor           
stepping	: 0
microcode	: 0x6000822
cpu MHz		: 1400.000
cache size	: 2048 KB
physical id	: 0
siblings	: 8
core id		: 6
cpu cores	: 4
apicid		: 3
initial apicid	: 6
fpu		: yes
fpu_exception	: yes
cpuid level	: 13
wp		: yes
flags		: fpu vme de pse tsc msr pae mce cx8 apic sep mtrr pge mca cmov pat pse36 clflush mmx fxsr sse sse2 ht syscall nx mmxext fxsr_opt pdpe1gb rdtscp lm constant_tsc rep_good nopl nonstop_tsc extd_apicid aperfmperf pni pclmulqdq monitor ssse3 fma cx16 sse4_1 sse4_2 popcnt aes xsave avx f16c lahf_lm cmp_legacy svm extapic cr8_legacy abm sse4a misalignsse 3dnowprefetch osvw ibs xop skinit wdt lwp fma4 tce nodeid_msr tbm topoext perfctr_core perfctr_nb arat cpb hw_pstate npt lbrv svm_lock nrip_save tsc_scale vmcb_clean flushbyasid decodeassists pausefilter pfthreshold bmi1
bogomips	: 7047.27
TLB size	: 1536 4K pages
clflush size	: 64
cache_alignment	: 64
address sizes	: 48 bits physical, 48 bits virtual
power management: ts ttp tm 100mhzsteps hwpstate cpb eff_freq_ro

processor	: 4
vendor_id	: AuthenticAMD
cpu family	: 21
model		: 2
model name	: AMD FX(tm)-8320 Eight-Core Processor           
stepping	: 0
microcode	: 0x6000822
cpu MHz		: 3500.000
cache size	: 2048 KB
physical id	: 0
siblings	: 8
core id		: 7
cpu cores	: 4
apicid		: 4
initial apicid	: 7
fpu		: yes
fpu_exception	: yes
cpuid level	: 13
wp		: yes
flags		: fpu vme de pse tsc msr pae mce cx8 apic sep mtrr pge mca cmov pat pse36 clflush mmx fxsr sse sse2 ht syscall nx mmxext fxsr_opt pdpe1gb rdtscp lm constant_tsc rep_good nopl nonstop_tsc extd_apicid aperfmperf pni pclmulqdq monitor ssse3 fma cx16 sse4_1 sse4_2 popcnt aes xsave avx f16c lahf_lm cmp_legacy svm extapic cr8_legacy abm sse4a misalignsse 3dnowprefetch osvw ibs xop skinit wdt lwp fma4 tce nodeid_msr tbm topoext perfctr_core perfctr_nb arat cpb hw_pstate npt lbrv svm_lock nrip_save tsc_scale vmcb_clean flushbyasid decodeassists pausefilter pfthreshold bmi1
bogomips	: 7047.27
TLB size	: 1536 4K pages
clflush size	: 64
cache_alignment	: 64
address sizes	: 48 bits physical, 48 bits virtual
power management: ts ttp tm 100mhzsteps hwpstate cpb eff_freq_ro

processor	: 5
vendor_id	: AuthenticAMD
cpu family	: 21
model		: 2
model name	: AMD FX(tm)-8320 Eight-Core Processor           
stepping	: 0
microcode	: 0x6000822
cpu MHz		: 3500.000
cache size	: 2048 KB
physical id	: 0
siblings	: 8
core id		: 2
cpu cores	: 4
apicid		: 5
initial apicid	: 2
fpu		: yes
fpu_exception	: yes
cpuid level	: 13
wp		: yes
flags		: fpu vme de pse tsc msr pae mce cx8 apic sep mtrr pge mca cmov pat pse36 clflush mmx fxsr sse sse2 ht syscall nx mmxext fxsr_opt pdpe1gb rdtscp lm constant_tsc rep_good nopl nonstop_tsc extd_apicid aperfmperf pni pclmulqdq monitor ssse3 fma cx16 sse4_1 sse4_2 popcnt aes xsave avx f16c lahf_lm cmp_legacy svm extapic cr8_legacy abm sse4a misalignsse 3dnowprefetch osvw ibs xop skinit wdt lwp fma4 tce nodeid_msr tbm topoext perfctr_core perfctr_nb arat cpb hw_pstate npt lbrv svm_lock nrip_save tsc_scale vmcb_clean flushbyasid decodeassists pausefilter pfthreshold bmi1
bogomips	: 7047.27
TLB size	: 1536 4K pages
clflush size	: 64
cache_alignment	: 64
address sizes	: 48 bits physical, 48 bits virtual
power management: ts ttp tm 100mhzsteps hwpstate cpb eff_freq_ro

processor	: 6
vendor_id	: AuthenticAMD
cpu family	: 21
model		: 2
model name	: AMD FX(tm)-8320 Eight-Core Processor           
stepping	: 0
microcode	: 0x6000822
cpu MHz		: 1400.000
cache size	: 2048 KB
physical id	: 0
siblings	: 8
core id		: 4
cpu cores	: 4
apicid		: 6
initial apicid	: 4
fpu		: yes
fpu_exception	: yes
cpuid level	: 13
wp		: yes
flags		: fpu vme de pse tsc msr pae mce cx8 apic sep mtrr pge mca cmov pat pse36 clflush mmx fxsr sse sse2 ht syscall nx mmxext fxsr_opt pdpe1gb rdtscp lm constant_tsc rep_good nopl nonstop_tsc extd_apicid aperfmperf pni pclmulqdq monitor ssse3 fma cx16 sse4_1 sse4_2 popcnt aes xsave avx f16c lahf_lm cmp_legacy svm extapic cr8_legacy abm sse4a misalignsse 3dnowprefetch osvw ibs xop skinit wdt lwp fma4 tce nodeid_msr tbm topoext perfctr_core perfctr_nb arat cpb hw_pstate npt lbrv svm_lock nrip_save tsc_scale vmcb_clean flushbyasid decodeassists pausefilter pfthreshold bmi1
bogomips	: 7047.27
TLB size	: 1536 4K pages
clflush size	: 64
cache_alignment	: 64
address sizes	: 48 bits physical, 48 bits virtual
power management: ts ttp tm 100mhzsteps hwpstate cpb eff_freq_ro

processor	: 7
vendor_id	: AuthenticAMD
cpu family	: 21
model		: 2
model name	: AMD FX(tm)-8320 Eight-Core Processor           
stepping	: 0
microcode	: 0x6000822
cpu MHz		: 1400.000
cache size	: 2048 KB
physical id	: 0
siblings	: 8
core id		: 5
cpu cores	: 4
apicid		: 7
initial apicid	: 5
fpu		: yes
fpu_exception	: yes
cpuid level	: 13
wp		: yes
flags		: fpu vme de pse tsc msr pae mce cx8 apic sep mtrr pge mca cmov pat pse36 clflush mmx fxsr sse sse2 ht syscall nx mmxext fxsr_opt pdpe1gb rdtscp lm constant_tsc rep_good nopl nonstop_tsc extd_apicid aperfmperf pni pclmulqdq monitor ssse3 fma cx16 sse4_1 sse4_2 popcnt aes xsave avx f16c lahf_lm cmp_legacy svm extapic cr8_legacy abm sse4a misalignsse 3dnowprefetch osvw ibs xop skinit wdt lwp fma4 tce nodeid_msr tbm topoext perfctr_core perfctr_nb arat cpb hw_pstate npt lbrv svm_lock nrip_save tsc_scale vmcb_clean flushbyasid decodeassists pausefilter pfthreshold bmi1
bogomips	: 7047.27
TLB size	: 1536 4K pages
clflush size	: 64
cache_alignment	: 64
address sizes	: 48 bits physical, 48 bits virtual
power management: ts ttp tm 100mhzsteps hwpstate cpb eff_freq_ro



Memory: 4k page, physical 8158360k(146188k free), swap 0k(0k free)

vm_info: Java HotSpot(TM) 64-Bit Server VM (24.80-b11) for linux-amd64 JRE (1.7.0_80-b15), built on Apr 10 2015 19:53:14 by "java_re" with gcc 4.3.0 20080428 (Red Hat 4.3.0-8)

time: Fri May  1 21:07:44 2015
elapsed time: 4 seconds

