#
# There is insufficient memory for the Java Runtime Environment to continue.
# Native memory allocation (malloc) failed to allocate 716177408 bytes for committing reserved memory.
# Possible reasons:
#   The system is out of physical RAM or swap space
#   In 32 bit mode, the process size limit was hit
# Possible solutions:
#   Reduce memory load on the system
#   Increase physical memory or swap space
#   Check if swap backing store is full
#   Use 64 bit Java on a 64 bit OS
#   Decrease Java heap size (-Xmx/-Xms)
#   Decrease number of Java threads
#   Decrease Java thread stack sizes (-Xss)
#   Set larger code cache with -XX:ReservedCodeCacheSize=
# This output file may be truncated or incomplete.
#
#  Out of Memory Error (os_linux.cpp:2756), pid=7667, tid=139738990778112
#
# JRE version:  (7.0_80-b15) (build )
# Java VM: Java HotSpot(TM) 64-Bit Server VM (24.80-b11 mixed mode linux-amd64 compressed oops)
# Failed to write core dump. Core dumps have been disabled. To enable core dumping, try "ulimit -c unlimited" before starting Java again
#

---------------  T H R E A D  ---------------

Current thread (0x00007f177c009800):  JavaThread "Unknown thread" [_thread_in_vm, id=7668, stack(0x00007f1784d81000,0x00007f1784e82000)]

Stack: [0x00007f1784d81000,0x00007f1784e82000],  sp=0x00007f1784e801c0,  free space=1020k
Native frames: (J=compiled Java code, j=interpreted, Vv=VM code, C=native code)
V  [libjvm.so+0x9a320a]  VMError::report_and_die()+0x2ea
V  [libjvm.so+0x498d3b]  report_vm_out_of_memory(char const*, int, unsigned long, char const*)+0x9b
V  [libjvm.so+0x82191e]  os::Linux::commit_memory_impl(char*, unsigned long, bool)+0xfe
V  [libjvm.so+0x821e69]  os::pd_commit_memory(char*, unsigned long, unsigned long, bool)+0x29
V  [libjvm.so+0x81bb6a]  os::commit_memory(char*, unsigned long, unsigned long, bool)+0x2a
V  [libjvm.so+0x88d623]  PSVirtualSpace::expand_by(unsigned long)+0x53
V  [libjvm.so+0x87c293]  PSOldGen::initialize(ReservedSpace, unsigned long, char const*, int)+0x103
V  [libjvm.so+0x29ace3]  AdjoiningGenerations::AdjoiningGenerations(ReservedSpace, unsigned long, unsigned long, unsigned long, unsigned long, unsigned long, unsigned long, unsigned long)+0x3e3
V  [libjvm.so+0x843215]  ParallelScavengeHeap::initialize()+0x4d5
V  [libjvm.so+0x97509a]  Universe::initialize_heap()+0xca
V  [libjvm.so+0x976269]  universe_init()+0x79
V  [libjvm.so+0x5b2f25]  init_globals()+0x65
V  [libjvm.so+0x95db4d]  Threads::create_vm(JavaVMInitArgs*, bool*)+0x1ed
V  [libjvm.so+0x63b2e4]  JNI_CreateJavaVM+0x74
C  [libjli.so+0x2f8e]  JavaMain+0x9e


---------------  P R O C E S S  ---------------

Java Threads: ( => current thread )

Other Threads:

=>0x00007f177c009800 (exited) JavaThread "Unknown thread" [_thread_in_vm, id=7668, stack(0x00007f1784d81000,0x00007f1784e82000)]

VM state:not at safepoint (not fully initialized)

VM Mutex/Monitor currently owned by a thread: None

GC Heap History (0 events):
No events

Deoptimization events (0 events):
No events

Internal exceptions (0 events):
No events

Events (0 events):
No events


Dynamic libraries:
00400000-00401000 r-xp 00000000 08:15 804007                             /usr/lib/jvm/java-7-oracle/jre/bin/java
00600000-00601000 rw-p 00000000 08:15 804007                             /usr/lib/jvm/java-7-oracle/jre/bin/java
018ca000-018eb000 rw-p 00000000 00:00 0                                  [heap]
77ae00000-780000000 rw-p 00000000 00:00 0 
7aab00000-7d5500000 rw-p 00000000 00:00 0 
7d5500000-7eaa80000 rw-p 00000000 00:00 0 
7eaa80000-800000000 rw-p 00000000 00:00 0 
7f1779000000-7f1779270000 rwxp 00000000 00:00 0 
7f1779270000-7f177c025000 rw-p 00000000 00:00 0 
7f177c025000-7f1780000000 ---p 00000000 00:00 0 
7f17819ad000-7f1781bf6000 rw-p 00000000 00:00 0 
7f1781bf6000-7f1781ec9000 rw-p 00000000 00:00 0 
7f1781ec9000-7f1781f75000 rw-p 00000000 00:00 0 
7f1781f75000-7f178201f000 rw-p 00000000 00:00 0 
7f178201f000-7f1782020000 rw-p 00000000 00:00 0 
7f1782020000-7f1782037000 r-xp 00000000 08:15 931410                     /usr/lib/jvm/java-7-oracle/jre/lib/amd64/libzip.so
7f1782037000-7f1782237000 ---p 00017000 08:15 931410                     /usr/lib/jvm/java-7-oracle/jre/lib/amd64/libzip.so
7f1782237000-7f1782238000 rw-p 00017000 08:15 931410                     /usr/lib/jvm/java-7-oracle/jre/lib/amd64/libzip.so
7f1782238000-7f1782244000 r-xp 00000000 08:15 1576962                    /lib/x86_64-linux-gnu/libnss_files-2.17.so
7f1782244000-7f1782443000 ---p 0000c000 08:15 1576962                    /lib/x86_64-linux-gnu/libnss_files-2.17.so
7f1782443000-7f1782444000 r--p 0000b000 08:15 1576962                    /lib/x86_64-linux-gnu/libnss_files-2.17.so
7f1782444000-7f1782445000 rw-p 0000c000 08:15 1576962                    /lib/x86_64-linux-gnu/libnss_files-2.17.so
7f1782448000-7f1782453000 r-xp 00000000 08:15 1576966                    /lib/x86_64-linux-gnu/libnss_nis-2.17.so
7f1782453000-7f1782652000 ---p 0000b000 08:15 1576966                    /lib/x86_64-linux-gnu/libnss_nis-2.17.so
7f1782652000-7f1782653000 r--p 0000a000 08:15 1576966                    /lib/x86_64-linux-gnu/libnss_nis-2.17.so
7f1782653000-7f1782654000 rw-p 0000b000 08:15 1576966                    /lib/x86_64-linux-gnu/libnss_nis-2.17.so
7f1782658000-7f178266f000 r-xp 00000000 08:15 1576956                    /lib/x86_64-linux-gnu/libnsl-2.17.so
7f178266f000-7f178286e000 ---p 00017000 08:15 1576956                    /lib/x86_64-linux-gnu/libnsl-2.17.so
7f178286e000-7f178286f000 r--p 00016000 08:15 1576956                    /lib/x86_64-linux-gnu/libnsl-2.17.so
7f178286f000-7f1782870000 rw-p 00017000 08:15 1576956                    /lib/x86_64-linux-gnu/libnsl-2.17.so
7f1782870000-7f1782872000 rw-p 00000000 00:00 0 
7f1782878000-7f1782880000 r-xp 00000000 08:15 1576958                    /lib/x86_64-linux-gnu/libnss_compat-2.17.so
7f1782880000-7f1782a7f000 ---p 00008000 08:15 1576958                    /lib/x86_64-linux-gnu/libnss_compat-2.17.so
7f1782a7f000-7f1782a80000 r--p 00007000 08:15 1576958                    /lib/x86_64-linux-gnu/libnss_compat-2.17.so
7f1782a80000-7f1782a81000 rw-p 00008000 08:15 1576958                    /lib/x86_64-linux-gnu/libnss_compat-2.17.so
7f1782a88000-7f1782ab1000 r-xp 00000000 08:15 931433                     /usr/lib/jvm/java-7-oracle/jre/lib/amd64/libjava.so
7f1782ab1000-7f1782cb1000 ---p 00029000 08:15 931433                     /usr/lib/jvm/java-7-oracle/jre/lib/amd64/libjava.so
7f1782cb1000-7f1782cb3000 rw-p 00029000 08:15 931433                     /usr/lib/jvm/java-7-oracle/jre/lib/amd64/libjava.so
7f1782cb8000-7f1782cc5000 r-xp 00000000 08:15 931436                     /usr/lib/jvm/java-7-oracle/jre/lib/amd64/libverify.so
7f1782cc5000-7f1782ec4000 ---p 0000d000 08:15 931436                     /usr/lib/jvm/java-7-oracle/jre/lib/amd64/libverify.so
7f1782ec4000-7f1782ec6000 rw-p 0000c000 08:15 931436                     /usr/lib/jvm/java-7-oracle/jre/lib/amd64/libverify.so
7f1782ec8000-7f1782ecf000 r-xp 00000000 08:15 1577009                    /lib/x86_64-linux-gnu/librt-2.17.so
7f1782ecf000-7f17830ce000 ---p 00007000 08:15 1577009                    /lib/x86_64-linux-gnu/librt-2.17.so
7f17830ce000-7f17830cf000 r--p 00006000 08:15 1577009                    /lib/x86_64-linux-gnu/librt-2.17.so
7f17830cf000-7f17830d0000 rw-p 00007000 08:15 1577009                    /lib/x86_64-linux-gnu/librt-2.17.so
7f17830d0000-7f17831d3000 r-xp 00000000 08:15 1576937                    /lib/x86_64-linux-gnu/libm-2.17.so
7f17831d3000-7f17833d2000 ---p 00103000 08:15 1576937                    /lib/x86_64-linux-gnu/libm-2.17.so
7f17833d2000-7f17833d3000 r--p 00102000 08:15 1576937                    /lib/x86_64-linux-gnu/libm-2.17.so
7f17833d3000-7f17833d4000 rw-p 00103000 08:15 1576937                    /lib/x86_64-linux-gnu/libm-2.17.so
7f17833d8000-7f1783f4e000 r-xp 00000000 08:15 1453927                    /usr/lib/jvm/java-7-oracle/jre/lib/amd64/server/libjvm.so
7f1783f4e000-7f178414d000 ---p 00b76000 08:15 1453927                    /usr/lib/jvm/java-7-oracle/jre/lib/amd64/server/libjvm.so
7f178414d000-7f1784211000 rw-p 00b75000 08:15 1453927                    /usr/lib/jvm/java-7-oracle/jre/lib/amd64/server/libjvm.so
7f1784211000-7f1784252000 rw-p 00000000 00:00 0 
7f1784258000-7f1784415000 r-xp 00000000 08:15 1576886                    /lib/x86_64-linux-gnu/libc-2.17.so
7f1784415000-7f1784615000 ---p 001bd000 08:15 1576886                    /lib/x86_64-linux-gnu/libc-2.17.so
7f1784615000-7f1784619000 r--p 001bd000 08:15 1576886                    /lib/x86_64-linux-gnu/libc-2.17.so
7f1784619000-7f178461b000 rw-p 001c1000 08:15 1576886                    /lib/x86_64-linux-gnu/libc-2.17.so
7f178461b000-7f1784620000 rw-p 00000000 00:00 0 
7f1784620000-7f1784623000 r-xp 00000000 08:15 1576901                    /lib/x86_64-linux-gnu/libdl-2.17.so
7f1784623000-7f1784822000 ---p 00003000 08:15 1576901                    /lib/x86_64-linux-gnu/libdl-2.17.so
7f1784822000-7f1784823000 r--p 00002000 08:15 1576901                    /lib/x86_64-linux-gnu/libdl-2.17.so
7f1784823000-7f1784824000 rw-p 00003000 08:15 1576901                    /lib/x86_64-linux-gnu/libdl-2.17.so
7f1784828000-7f178483d000 r-xp 00000000 08:15 1587883                    /usr/lib/jvm/java-7-oracle/jre/lib/amd64/jli/libjli.so
7f178483d000-7f1784a3c000 ---p 00015000 08:15 1587883                    /usr/lib/jvm/java-7-oracle/jre/lib/amd64/jli/libjli.so
7f1784a3c000-7f1784a3d000 rw-p 00014000 08:15 1587883                    /usr/lib/jvm/java-7-oracle/jre/lib/amd64/jli/libjli.so
7f1784a40000-7f1784a57000 r-xp 00000000 08:15 1577001                    /lib/x86_64-linux-gnu/libpthread-2.17.so
7f1784a57000-7f1784c57000 ---p 00017000 08:15 1577001                    /lib/x86_64-linux-gnu/libpthread-2.17.so
7f1784c57000-7f1784c58000 r--p 00017000 08:15 1577001                    /lib/x86_64-linux-gnu/libpthread-2.17.so
7f1784c58000-7f1784c59000 rw-p 00018000 08:15 1577001                    /lib/x86_64-linux-gnu/libpthread-2.17.so
7f1784c59000-7f1784c5d000 rw-p 00000000 00:00 0 
7f1784c60000-7f1784c83000 r-xp 00000000 08:15 1576862                    /lib/x86_64-linux-gnu/ld-2.17.so
7f1784cb0000-7f1784cba000 rw-p 00000000 00:00 0 
7f1784cba000-7f1784d70000 rw-p 00000000 00:00 0 
7f1784d70000-7f1784d78000 rw-s 00000000 08:15 2760361                    /tmp/hsperfdata_commander/7667
7f1784d7d000-7f1784d80000 rw-p 00000000 00:00 0 
7f1784d80000-7f1784d81000 r--p 00000000 00:00 0 
7f1784d81000-7f1784d84000 ---p 00000000 00:00 0 
7f1784d84000-7f1784e82000 rw-p 00000000 00:00 0                          [stack:7668]
7f1784e82000-7f1784e83000 r--p 00022000 08:15 1576862                    /lib/x86_64-linux-gnu/ld-2.17.so
7f1784e83000-7f1784e85000 rw-p 00023000 08:15 1576862                    /lib/x86_64-linux-gnu/ld-2.17.so
7f1784e85000-7f1784e8b000 rw-p 00000000 00:00 0 
7fff0b5d2000-7fff0b5f3000 rw-p 00000000 00:00 0                          [stack]
7fff0b600000-7fff0b602000 r-xp 00000000 00:00 0                          [vdso]
ffffffffff600000-ffffffffff601000 r-xp 00000000 00:00 0                  [vsyscall]

VM Arguments:
jvm_args: -Xms1024M -Xmx2048M 
java_command: ComputationNumber 5000
Launcher Type: SUN_STANDARD

Environment Variables:
CLASSPATH=.:/home/commander/introcs/stdlib.jar
PATH=.:/home/commander/bin:.:/home/commander/bin/script:.:/home/commander/introcs/bin:.:/home/commander/algs4/bin:/home/commander/bin:/usr/lib/lightdm/lightdm:/usr/local/sbin:/usr/local/bin:/usr/sbin:/usr/bin:/sbin:/bin:/usr/games:/usr/local/games
LD_LIBRARY_PATH=/usr/lib32
SHELL=/bin/bash
DISPLAY=:0.0

Signal Handlers:
SIGSEGV: [libjvm.so+0x9a3b20], sa_mask[0]=0x7ffbfeff, sa_flags=0x10000004
SIGBUS: [libjvm.so+0x9a3b20], sa_mask[0]=0x7ffbfeff, sa_flags=0x10000004
SIGFPE: [libjvm.so+0x81e740], sa_mask[0]=0x7ffbfeff, sa_flags=0x10000004
SIGPIPE: [libjvm.so+0x81e740], sa_mask[0]=0x7ffbfeff, sa_flags=0x10000004
SIGXFSZ: [libjvm.so+0x81e740], sa_mask[0]=0x7ffbfeff, sa_flags=0x10000004
SIGILL: [libjvm.so+0x81e740], sa_mask[0]=0x7ffbfeff, sa_flags=0x10000004
SIGUSR1: SIG_DFL, sa_mask[0]=0x00000000, sa_flags=0x00000000
SIGUSR2: [libjvm.so+0x81ffb0], sa_mask[0]=0x00000000, sa_flags=0x10000004
SIGHUP: SIG_DFL, sa_mask[0]=0x00000000, sa_flags=0x00000000
SIGINT: SIG_DFL, sa_mask[0]=0x00000000, sa_flags=0x00000000
SIGTERM: SIG_DFL, sa_mask[0]=0x00000000, sa_flags=0x00000000
SIGQUIT: SIG_DFL, sa_mask[0]=0x00000000, sa_flags=0x00000000


---------------  S Y S T E M  ---------------

OS:wheezy/sid

uname:Linux 3.11.0-26-generic #45-Ubuntu SMP Tue Jul 15 04:02:06 UTC 2014 x86_64
libc:glibc 2.17 NPTL 2.17 
rlimit: STACK 8192k, CORE 0k, NPROC 63017, NOFILE 4096, AS infinity
load average:4.49 3.83 3.27

/proc/meminfo:
MemTotal:        8158360 kB
MemFree:          324716 kB
Buffers:           40144 kB
Cached:           445628 kB
SwapCached:            0 kB
Active:          7123956 kB
Inactive:         255788 kB
Active(anon):    6895100 kB
Inactive(anon):    53152 kB
Active(file):     228856 kB
Inactive(file):   202636 kB
Unevictable:          48 kB
Mlocked:              48 kB
SwapTotal:             0 kB
SwapFree:              0 kB
Dirty:               348 kB
Writeback:             0 kB
AnonPages:       6894016 kB
Mapped:           403336 kB
Shmem:             54516 kB
Slab:              92808 kB
SReclaimable:      43876 kB
SUnreclaim:        48932 kB
KernelStack:        5544 kB
PageTables:        53716 kB
NFS_Unstable:          0 kB
Bounce:                0 kB
WritebackTmp:          0 kB
CommitLimit:     4079180 kB
Committed_AS:   12525532 kB
VmallocTotal:   34359738367 kB
VmallocUsed:      315688 kB
VmallocChunk:   34359420156 kB
HardwareCorrupted:     0 kB
AnonHugePages:         0 kB
HugePages_Total:       0
HugePages_Free:        0
HugePages_Rsvd:        0
HugePages_Surp:        0
Hugepagesize:       2048 kB
DirectMap4k:      120448 kB
DirectMap2M:     3006464 kB
DirectMap1G:     5242880 kB


CPU:total 8 (8 cores per cpu, 1 threads per core) family 21 model 2 stepping 0, cmov, cx8, fxsr, mmx, sse, sse2, sse3, ssse3, sse4.1, sse4.2, popcnt, avx, aes, mmxext, 3dnowpref, lzcnt, sse4a, tsc, tscinvbit, tscinv

/proc/cpuinfo:
processor	: 0
vendor_id	: AuthenticAMD
cpu family	: 21
model		: 2
model name	: AMD FX(tm)-8320 Eight-Core Processor
stepping	: 0
microcode	: 0x6000822
cpu MHz		: 1400.000
cache size	: 2048 KB
physical id	: 0
siblings	: 8
core id		: 0
cpu cores	: 4
apicid		: 0
initial apicid	: 0
fpu		: yes
fpu_exception	: yes
cpuid level	: 13
wp		: yes
flags		: fpu vme de pse tsc msr pae mce cx8 apic sep mtrr pge mca cmov pat pse36 clflush mmx fxsr sse sse2 ht syscall nx mmxext fxsr_opt pdpe1gb rdtscp lm constant_tsc rep_good nopl nonstop_tsc extd_apicid aperfmperf pni pclmulqdq monitor ssse3 fma cx16 sse4_1 sse4_2 popcnt aes xsave avx f16c lahf_lm cmp_legacy svm extapic cr8_legacy abm sse4a misalignsse 3dnowprefetch osvw ibs xop skinit wdt lwp fma4 tce nodeid_msr tbm topoext perfctr_core perfctr_nb arat cpb hw_pstate npt lbrv svm_lock nrip_save tsc_scale vmcb_clean flushbyasid decodeassists pausefilter pfthreshold bmi1
bogomips	: 7047.27
TLB size	: 1536 4K pages
clflush size	: 64
cache_alignment	: 64
address sizes	: 48 bits physical, 48 bits virtual
power management: ts ttp tm 100mhzsteps hwpstate cpb eff_freq_ro

processor	: 1
vendor_id	: AuthenticAMD
cpu family	: 21
model		: 2
model name	: AMD FX(tm)-8320 Eight-Core Processor           
stepping	: 0
microcode	: 0x6000822
cpu MHz		: 1400.000
cache size	: 2048 KB
physical id	: 0
siblings	: 8
core id		: 3
cpu cores	: 4
apicid		: 1
initial apicid	: 3
fpu		: yes
fpu_exception	: yes
cpuid level	: 13
wp		: yes
flags		: fpu vme de pse tsc msr pae mce cx8 apic sep mtrr pge mca cmov pat pse36 clflush mmx fxsr sse sse2 ht syscall nx mmxext fxsr_opt pdpe1gb rdtscp lm constant_tsc rep_good nopl nonstop_tsc extd_apicid aperfmperf pni pclmulqdq monitor ssse3 fma cx16 sse4_1 sse4_2 popcnt aes xsave avx f16c lahf_lm cmp_legacy svm extapic cr8_legacy abm sse4a misalignsse 3dnowprefetch osvw ibs xop skinit wdt lwp fma4 tce nodeid_msr tbm topoext perfctr_core perfctr_nb arat cpb hw_pstate npt lbrv svm_lock nrip_save tsc_scale vmcb_clean flushbyasid decodeassists pausefilter pfthreshold bmi1
bogomips	: 7047.27
TLB size	: 1536 4K pages
clflush size	: 64
cache_alignment	: 64
address sizes	: 48 bits physical, 48 bits virtual
power management: ts ttp tm 100mhzsteps hwpstate cpb eff_freq_ro

processor	: 2
vendor_id	: AuthenticAMD
cpu family	: 21
model		: 2
model name	: AMD FX(tm)-8320 Eight-Core Processor           
stepping	: 0
microcode	: 0x6000822
cpu MHz		: 1400.000
cache size	: 2048 KB
physical id	: 0
siblings	: 8
core id		: 1
cpu cores	: 4
apicid		: 2
initial apicid	: 1
fpu		: yes
fpu_exception	: yes
cpuid level	: 13
wp		: yes
flags		: fpu vme de pse tsc msr pae mce cx8 apic sep mtrr pge mca cmov pat pse36 clflush mmx fxsr sse sse2 ht syscall nx mmxext fxsr_opt pdpe1gb rdtscp lm constant_tsc rep_good nopl nonstop_tsc extd_apicid aperfmperf pni pclmulqdq monitor ssse3 fma cx16 sse4_1 sse4_2 popcnt aes xsave avx f16c lahf_lm cmp_legacy svm extapic cr8_legacy abm sse4a misalignsse 3dnowprefetch osvw ibs xop skinit wdt lwp fma4 tce nodeid_msr tbm topoext perfctr_core perfctr_nb arat cpb hw_pstate npt lbrv svm_lock nrip_save tsc_scale vmcb_clean flushbyasid decodeassists pausefilter pfthreshold bmi1
bogomips	: 7047.27
TLB size	: 1536 4K pages
clflush size	: 64
cache_alignment	: 64
address sizes	: 48 bits physical, 48 bits virtual
power management: ts ttp tm 100mhzsteps hwpstate cpb eff_freq_ro

processor	: 3
vendor_id	: AuthenticAMD
cpu family	: 21
model		: 2
model name	: AMD FX(tm)-8320 Eight-Core Processor           
stepping	: 0
microcode	: 0x6000822
cpu MHz		: 1400.000
cache size	: 2048 KB
physical id	: 0
siblings	: 8
core id		: 6
cpu cores	: 4
apicid		: 3
initial apicid	: 6
fpu		: yes
fpu_exception	: yes
cpuid level	: 13
wp		: yes
flags		: fpu vme de pse tsc msr pae mce cx8 apic sep mtrr pge mca cmov pat pse36 clflush mmx fxsr sse sse2 ht syscall nx mmxext fxsr_opt pdpe1gb rdtscp lm constant_tsc rep_good nopl nonstop_tsc extd_apicid aperfmperf pni pclmulqdq monitor ssse3 fma cx16 sse4_1 sse4_2 popcnt aes xsave avx f16c lahf_lm cmp_legacy svm extapic cr8_legacy abm sse4a misalignsse 3dnowprefetch osvw ibs xop skinit wdt lwp fma4 tce nodeid_msr tbm topoext perfctr_core perfctr_nb arat cpb hw_pstate npt lbrv svm_lock nrip_save tsc_scale vmcb_clean flushbyasid decodeassists pausefilter pfthreshold bmi1
bogomips	: 7047.27
TLB size	: 1536 4K pages
clflush size	: 64
cache_alignment	: 64
address sizes	: 48 bits physical, 48 bits virtual
power management: ts ttp tm 100mhzsteps hwpstate cpb eff_freq_ro

processor	: 4
vendor_id	: AuthenticAMD
cpu family	: 21
model		: 2
model name	: AMD FX(tm)-8320 Eight-Core Processor           
stepping	: 0
microcode	: 0x6000822
cpu MHz		: 1400.000
cache size	: 2048 KB
physical id	: 0
siblings	: 8
core id		: 7
cpu cores	: 4
apicid		: 4
initial apicid	: 7
fpu		: yes
fpu_exception	: yes
cpuid level	: 13
wp		: yes
flags		: fpu vme de pse tsc msr pae mce cx8 apic sep mtrr pge mca cmov pat pse36 clflush mmx fxsr sse sse2 ht syscall nx mmxext fxsr_opt pdpe1gb rdtscp lm constant_tsc rep_good nopl nonstop_tsc extd_apicid aperfmperf pni pclmulqdq monitor ssse3 fma cx16 sse4_1 sse4_2 popcnt aes xsave avx f16c lahf_lm cmp_legacy svm extapic cr8_legacy abm sse4a misalignsse 3dnowprefetch osvw ibs xop skinit wdt lwp fma4 tce nodeid_msr tbm topoext perfctr_core perfctr_nb arat cpb hw_pstate npt lbrv svm_lock nrip_save tsc_scale vmcb_clean flushbyasid decodeassists pausefilter pfthreshold bmi1
bogomips	: 7047.27
TLB size	: 1536 4K pages
clflush size	: 64
cache_alignment	: 64
address sizes	: 48 bits physical, 48 bits virtual
power management: ts ttp tm 100mhzsteps hwpstate cpb eff_freq_ro

processor	: 5
vendor_id	: AuthenticAMD
cpu family	: 21
model		: 2
model name	: AMD FX(tm)-8320 Eight-Core Processor           
stepping	: 0
microcode	: 0x6000822
cpu MHz		: 3500.000
cache size	: 2048 KB
physical id	: 0
siblings	: 8
core id		: 2
cpu cores	: 4
apicid		: 5
initial apicid	: 2
fpu		: yes
fpu_exception	: yes
cpuid level	: 13
wp		: yes
flags		: fpu vme de pse tsc msr pae mce cx8 apic sep mtrr pge mca cmov pat pse36 clflush mmx fxsr sse sse2 ht syscall nx mmxext fxsr_opt pdpe1gb rdtscp lm constant_tsc rep_good nopl nonstop_tsc extd_apicid aperfmperf pni pclmulqdq monitor ssse3 fma cx16 sse4_1 sse4_2 popcnt aes xsave avx f16c lahf_lm cmp_legacy svm extapic cr8_legacy abm sse4a misalignsse 3dnowprefetch osvw ibs xop skinit wdt lwp fma4 tce nodeid_msr tbm topoext perfctr_core perfctr_nb arat cpb hw_pstate npt lbrv svm_lock nrip_save tsc_scale vmcb_clean flushbyasid decodeassists pausefilter pfthreshold bmi1
bogomips	: 7047.27
TLB size	: 1536 4K pages
clflush size	: 64
cache_alignment	: 64
address sizes	: 48 bits physical, 48 bits virtual
power management: ts ttp tm 100mhzsteps hwpstate cpb eff_freq_ro

processor	: 6
vendor_id	: AuthenticAMD
cpu family	: 21
model		: 2
model name	: AMD FX(tm)-8320 Eight-Core Processor           
stepping	: 0
microcode	: 0x6000822
cpu MHz		: 1400.000
cache size	: 2048 KB
physical id	: 0
siblings	: 8
core id		: 4
cpu cores	: 4
apicid		: 6
initial apicid	: 4
fpu		: yes
fpu_exception	: yes
cpuid level	: 13
wp		: yes
flags		: fpu vme de pse tsc msr pae mce cx8 apic sep mtrr pge mca cmov pat pse36 clflush mmx fxsr sse sse2 ht syscall nx mmxext fxsr_opt pdpe1gb rdtscp lm constant_tsc rep_good nopl nonstop_tsc extd_apicid aperfmperf pni pclmulqdq monitor ssse3 fma cx16 sse4_1 sse4_2 popcnt aes xsave avx f16c lahf_lm cmp_legacy svm extapic cr8_legacy abm sse4a misalignsse 3dnowprefetch osvw ibs xop skinit wdt lwp fma4 tce nodeid_msr tbm topoext perfctr_core perfctr_nb arat cpb hw_pstate npt lbrv svm_lock nrip_save tsc_scale vmcb_clean flushbyasid decodeassists pausefilter pfthreshold bmi1
bogomips	: 7047.27
TLB size	: 1536 4K pages
clflush size	: 64
cache_alignment	: 64
address sizes	: 48 bits physical, 48 bits virtual
power management: ts ttp tm 100mhzsteps hwpstate cpb eff_freq_ro

processor	: 7
vendor_id	: AuthenticAMD
cpu family	: 21
model		: 2
model name	: AMD FX(tm)-8320 Eight-Core Processor           
stepping	: 0
microcode	: 0x6000822
cpu MHz		: 1400.000
cache size	: 2048 KB
physical id	: 0
siblings	: 8
core id		: 5
cpu cores	: 4
apicid		: 7
initial apicid	: 5
fpu		: yes
fpu_exception	: yes
cpuid level	: 13
wp		: yes
flags		: fpu vme de pse tsc msr pae mce cx8 apic sep mtrr pge mca cmov pat pse36 clflush mmx fxsr sse sse2 ht syscall nx mmxext fxsr_opt pdpe1gb rdtscp lm constant_tsc rep_good nopl nonstop_tsc extd_apicid aperfmperf pni pclmulqdq monitor ssse3 fma cx16 sse4_1 sse4_2 popcnt aes xsave avx f16c lahf_lm cmp_legacy svm extapic cr8_legacy abm sse4a misalignsse 3dnowprefetch osvw ibs xop skinit wdt lwp fma4 tce nodeid_msr tbm topoext perfctr_core perfctr_nb arat cpb hw_pstate npt lbrv svm_lock nrip_save tsc_scale vmcb_clean flushbyasid decodeassists pausefilter pfthreshold bmi1
bogomips	: 7047.27
TLB size	: 1536 4K pages
clflush size	: 64
cache_alignment	: 64
address sizes	: 48 bits physical, 48 bits virtual
power management: ts ttp tm 100mhzsteps hwpstate cpb eff_freq_ro



Memory: 4k page, physical 8158360k(324716k free), swap 0k(0k free)

vm_info: Java HotSpot(TM) 64-Bit Server VM (24.80-b11) for linux-amd64 JRE (1.7.0_80-b15), built on Apr 10 2015 19:53:14 by "java_re" with gcc 4.3.0 20080428 (Red Hat 4.3.0-8)

time: Fri May  1 21:07:12 2015
elapsed time: 0 seconds

